2017-07-28 14:31:36.321 WARN  (main) [   ] o.a.h.c.p.ResponseProcessCookies Cookie rejected [BAIDUID="52359DC5DDFAF832DB318EAA7A76D668:FG=1", version:0, domain:baidu.com, path:/, expiry:Fri Jan 01 07:55:55 CST 2038] Illegal 'domain' attribute "baidu.com". Domain of origin: "aip.baidubce.com"
2017-07-28 14:33:47.405 WARN  (main) [   ] o.a.h.c.p.ResponseProcessCookies Cookie rejected [BAIDUID="345658E191C019B4D795A99B0C6903C8:FG=1", version:0, domain:baidu.com, path:/, expiry:Fri Jan 01 07:55:55 CST 2038] Illegal 'domain' attribute "baidu.com". Domain of origin: "aip.baidubce.com"
2017-07-28 14:41:53.741 WARN  (main) [   ] o.a.h.c.p.ResponseProcessCookies Cookie rejected [BAIDUID="900F12162B10F188C65607617FF46818:FG=1", version:0, domain:baidu.com, path:/, expiry:Fri Jan 01 07:55:55 CST 2038] Illegal 'domain' attribute "baidu.com". Domain of origin: "aip.baidubce.com"
2017-07-28 14:42:06.734 WARN  (main) [   ] o.a.h.c.p.ResponseProcessCookies Cookie rejected [BAIDUID="E750668F261A20B0D35724BF2CE150CE:FG=1", version:0, domain:baidu.com, path:/, expiry:Fri Jan 01 07:55:55 CST 2038] Illegal 'domain' attribute "baidu.com". Domain of origin: "aip.baidubce.com"
2017-07-28 14:53:58.872 WARN  (main) [   ] o.a.h.c.p.ResponseProcessCookies Cookie rejected [BAIDUID="572415438D24061AE992E555B108DFCA:FG=1", version:0, domain:baidu.com, path:/, expiry:Fri Jan 01 07:55:55 CST 2038] Illegal 'domain' attribute "baidu.com". Domain of origin: "aip.baidubce.com"
2017-07-28 14:54:09.464 WARN  (main) [   ] o.a.h.c.p.ResponseProcessCookies Cookie rejected [BAIDUID="30957899283CB857685BE168261084E6:FG=1", version:0, domain:baidu.com, path:/, expiry:Fri Jan 01 07:55:55 CST 2038] Illegal 'domain' attribute "baidu.com". Domain of origin: "aip.baidubce.com"
2017-07-28 14:54:09.470 WARN  (main) [   ] o.a.h.c.p.ResponseProcessCookies Cookie rejected [BAIDUID="662DD89EB7A633D7540E61C20ABEDFEA:FG=1", version:0, domain:baidu.com, path:/, expiry:Fri Jan 01 07:55:55 CST 2038] Illegal 'domain' attribute "baidu.com". Domain of origin: "aip.baidubce.com"
2017-07-28 14:56:56.081 WARN  (main) [   ] o.a.h.c.p.ResponseProcessCookies Cookie rejected [BAIDUID="5E9E188C1580659B7A5B6D3CCE67D94B:FG=1", version:0, domain:baidu.com, path:/, expiry:Fri Jan 01 07:55:55 CST 2038] Illegal 'domain' attribute "baidu.com". Domain of origin: "aip.baidubce.com"
2017-07-28 14:57:08.658 WARN  (main) [   ] o.a.h.c.p.ResponseProcessCookies Cookie rejected [BAIDUID="0BC2C75636DA4315DCADC0A4CCA9270B:FG=1", version:0, domain:baidu.com, path:/, expiry:Fri Jan 01 07:55:55 CST 2038] Illegal 'domain' attribute "baidu.com". Domain of origin: "aip.baidubce.com"
2017-07-28 14:57:08.663 WARN  (main) [   ] o.a.h.c.p.ResponseProcessCookies Cookie rejected [BAIDUID="1EBECF7CB9F2246625A055D9362C2386:FG=1", version:0, domain:baidu.com, path:/, expiry:Fri Jan 01 07:55:55 CST 2038] Illegal 'domain' attribute "baidu.com". Domain of origin: "aip.baidubce.com"
2017-07-28 14:57:55.139 WARN  (main) [   ] o.a.h.c.p.ResponseProcessCookies Cookie rejected [BAIDUID="FFDBE29900189AC17993815973965520:FG=1", version:0, domain:baidu.com, path:/, expiry:Fri Jan 01 07:55:55 CST 2038] Illegal 'domain' attribute "baidu.com". Domain of origin: "aip.baidubce.com"
2017-07-28 14:59:04.248 WARN  (main) [   ] o.a.h.c.p.ResponseProcessCookies Cookie rejected [BAIDUID="6D3467B3721620AE8A42D7772AF63CE8:FG=1", version:0, domain:baidu.com, path:/, expiry:Fri Jan 01 07:55:55 CST 2038] Illegal 'domain' attribute "baidu.com". Domain of origin: "aip.baidubce.com"
2017-07-28 14:59:04.253 WARN  (main) [   ] o.a.h.c.p.ResponseProcessCookies Cookie rejected [BAIDUID="64B27A0D5A9678804AB78E3E90EF1EBB:FG=1", version:0, domain:baidu.com, path:/, expiry:Fri Jan 01 07:55:55 CST 2038] Illegal 'domain' attribute "baidu.com". Domain of origin: "aip.baidubce.com"
2017-07-28 15:40:41.263 WARN  (main) [   ] o.a.h.c.p.ResponseProcessCookies Cookie rejected [BAIDUID="D98DBD808016AE3B6074B1B725A2226A:FG=1", version:0, domain:baidu.com, path:/, expiry:Fri Jan 01 07:55:55 CST 2038] Illegal 'domain' attribute "baidu.com". Domain of origin: "aip.baidubce.com"
2017-07-28 15:40:49.901 WARN  (main) [   ] o.a.h.c.p.ResponseProcessCookies Cookie rejected [BAIDUID="E46FD446173B6C2333881C0B8DF9444A:FG=1", version:0, domain:baidu.com, path:/, expiry:Fri Jan 01 07:55:55 CST 2038] Illegal 'domain' attribute "baidu.com". Domain of origin: "aip.baidubce.com"
2017-07-28 15:40:49.915 WARN  (main) [   ] o.a.h.c.p.ResponseProcessCookies Cookie rejected [BAIDUID="F7BBDB2C2F87ECD8864E8E2CEC68EB59:FG=1", version:0, domain:baidu.com, path:/, expiry:Fri Jan 01 07:55:55 CST 2038] Illegal 'domain' attribute "baidu.com". Domain of origin: "aip.baidubce.com"
2017-07-28 15:43:01.243 WARN  (main) [   ] o.a.h.c.p.ResponseProcessCookies Cookie rejected [BAIDUID="1DE36DA806B3FF69BC8EF5BC3BB7058C:FG=1", version:0, domain:baidu.com, path:/, expiry:Fri Jan 01 07:55:55 CST 2038] Illegal 'domain' attribute "baidu.com". Domain of origin: "aip.baidubce.com"
2017-07-28 15:44:14.354 WARN  (main) [   ] o.a.h.c.p.ResponseProcessCookies Cookie rejected [BAIDUID="370CDBD4764E1E3C3C8500CB3661EE23:FG=1", version:0, domain:baidu.com, path:/, expiry:Fri Jan 01 07:55:55 CST 2038] Illegal 'domain' attribute "baidu.com". Domain of origin: "aip.baidubce.com"
2017-07-28 15:44:14.369 WARN  (main) [   ] o.a.h.c.p.ResponseProcessCookies Cookie rejected [BAIDUID="DA273E20E914986CD03A8A5D5BD36487:FG=1", version:0, domain:baidu.com, path:/, expiry:Fri Jan 01 07:55:55 CST 2038] Illegal 'domain' attribute "baidu.com". Domain of origin: "aip.baidubce.com"
2017-07-28 15:57:15.701 WARN  (main) [   ] o.a.h.c.p.ResponseProcessCookies Cookie rejected [BAIDUID="794CF3019A92FD438F97F5174DFDF32D:FG=1", version:0, domain:baidu.com, path:/, expiry:Fri Jan 01 07:55:55 CST 2038] Illegal 'domain' attribute "baidu.com". Domain of origin: "aip.baidubce.com"
2017-07-28 15:58:38.989 WARN  (main) [   ] o.a.h.c.p.ResponseProcessCookies Cookie rejected [BAIDUID="2968B92E95ECB893D577149133E33B3B:FG=1", version:0, domain:baidu.com, path:/, expiry:Fri Jan 01 07:55:55 CST 2038] Illegal 'domain' attribute "baidu.com". Domain of origin: "aip.baidubce.com"
2017-07-28 15:58:38.991 WARN  (main) [   ] o.a.h.c.p.ResponseProcessCookies Cookie rejected [BAIDUID="903326221E3C1A37E3D28611826ED039:FG=1", version:0, domain:baidu.com, path:/, expiry:Fri Jan 01 07:55:55 CST 2038] Illegal 'domain' attribute "baidu.com". Domain of origin: "aip.baidubce.com"
2017-07-29 02:19:40.327 WARN  (main) [   ] o.a.h.c.p.ResponseProcessCookies Cookie rejected [BAIDUID="FA2051F0D5F3CDD5556C804ECA58738E:FG=1", version:0, domain:baidu.com, path:/, expiry:Fri Jan 01 07:55:55 CST 2038] Illegal 'domain' attribute "baidu.com". Domain of origin: "aip.baidubce.com"
2017-07-29 02:20:21.460 WARN  (main) [   ] o.a.c.h.HttpMethodBase Cookie rejected: "$Version="1"; BAIDUID="189406E9C8F71D3134A1546B68726059:FG=1"; $Path="/"; $Domain=".baidu.com"". Illegal domain attribute ".baidu.com". Domain of origin: "aip.baidubce.com"
2017-07-29 02:20:21.469 WARN  (main) [   ] o.a.c.h.HttpMethodBase Cookie rejected: "$Version="1"; BAIDUID="127FE387EFA3A8C75CD876D5FD1D6B3E:FG=1"; $Path="/"; $Domain=".baidu.com"". Illegal domain attribute ".baidu.com". Domain of origin: "aip.baidubce.com"
2017-07-29 02:21:03.151 WARN  (main) [   ] o.a.h.c.p.ResponseProcessCookies Cookie rejected [BAIDUID="DE43DD6E61A643AA0D780FA6F1E55DF3:FG=1", version:0, domain:baidu.com, path:/, expiry:Fri Jan 01 07:55:55 CST 2038] Illegal 'domain' attribute "baidu.com". Domain of origin: "aip.baidubce.com"
2017-07-29 02:21:16.924 WARN  (main) [   ] o.a.c.h.HttpMethodBase Cookie rejected: "$Version="1"; BAIDUID="0AF4C56F39F38C9E87B3805066E1899B:FG=1"; $Path="/"; $Domain=".baidu.com"". Illegal domain attribute ".baidu.com". Domain of origin: "aip.baidubce.com"
2017-07-29 02:21:16.931 WARN  (main) [   ] o.a.c.h.HttpMethodBase Cookie rejected: "$Version="1"; BAIDUID="EF6A68C49C57562AA58B2D534D53C8AA:FG=1"; $Path="/"; $Domain=".baidu.com"". Illegal domain attribute ".baidu.com". Domain of origin: "aip.baidubce.com"
2017-07-29 02:22:02.709 WARN  (main) [   ] o.a.h.c.p.ResponseProcessCookies Cookie rejected [BAIDUID="3F524F6E61D1AE7594188F80F9D6EE5D:FG=1", version:0, domain:baidu.com, path:/, expiry:Fri Jan 01 07:55:55 CST 2038] Illegal 'domain' attribute "baidu.com". Domain of origin: "aip.baidubce.com"
2017-07-29 02:22:12.551 WARN  (main) [   ] o.a.c.h.HttpMethodBase Cookie rejected: "$Version="1"; BAIDUID="637BD7C662687801F3B2AF1611FED88E:FG=1"; $Path="/"; $Domain=".baidu.com"". Illegal domain attribute ".baidu.com". Domain of origin: "aip.baidubce.com"
2017-07-29 02:22:12.558 WARN  (main) [   ] o.a.c.h.HttpMethodBase Cookie rejected: "$Version="1"; BAIDUID="9E125C646955567AA702AB2DB64816A9:FG=1"; $Path="/"; $Domain=".baidu.com"". Illegal domain attribute ".baidu.com". Domain of origin: "aip.baidubce.com"
2017-07-29 02:22:34.802 WARN  (main) [   ] o.a.h.c.p.ResponseProcessCookies Cookie rejected [BAIDUID="2539A04B816E62D41D03506EFE884748:FG=1", version:0, domain:baidu.com, path:/, expiry:Fri Jan 01 07:55:55 CST 2038] Illegal 'domain' attribute "baidu.com". Domain of origin: "aip.baidubce.com"
2017-07-29 02:22:48.111 WARN  (main) [   ] o.a.c.h.HttpMethodBase Cookie rejected: "$Version="1"; BAIDUID="8AAFE4BAFBA009B4152E2CE454ECAF2A:FG=1"; $Path="/"; $Domain=".baidu.com"". Illegal domain attribute ".baidu.com". Domain of origin: "aip.baidubce.com"
2017-07-29 02:22:48.119 WARN  (main) [   ] o.a.c.h.HttpMethodBase Cookie rejected: "$Version="1"; BAIDUID="0A4FA802AB3482D4814E9EDCDA4FF7FF:FG=1"; $Path="/"; $Domain=".baidu.com"". Illegal domain attribute ".baidu.com". Domain of origin: "aip.baidubce.com"
2017-07-29 02:23:43.575 WARN  (main) [   ] o.a.h.c.p.ResponseProcessCookies Cookie rejected [BAIDUID="8DA5D80F9D4505BDE936C16BE292535C:FG=1", version:0, domain:baidu.com, path:/, expiry:Fri Jan 01 07:55:55 CST 2038] Illegal 'domain' attribute "baidu.com". Domain of origin: "aip.baidubce.com"
2017-07-29 02:23:58.769 WARN  (main) [   ] o.a.c.h.HttpMethodBase Cookie rejected: "$Version="1"; BAIDUID="A375452A128916BB58195AC237FE9FA4:FG=1"; $Path="/"; $Domain=".baidu.com"". Illegal domain attribute ".baidu.com". Domain of origin: "aip.baidubce.com"
2017-07-29 02:23:58.776 WARN  (main) [   ] o.a.c.h.HttpMethodBase Cookie rejected: "$Version="1"; BAIDUID="F6D0F25F7ECE73825D8D84C77969E037:FG=1"; $Path="/"; $Domain=".baidu.com"". Illegal domain attribute ".baidu.com". Domain of origin: "aip.baidubce.com"
2017-07-29 02:25:02.243 WARN  (main) [   ] o.a.h.c.p.ResponseProcessCookies Cookie rejected [BAIDUID="4A4DFFC201AD42332B4568EDA2C10697:FG=1", version:0, domain:baidu.com, path:/, expiry:Fri Jan 01 07:55:55 CST 2038] Illegal 'domain' attribute "baidu.com". Domain of origin: "aip.baidubce.com"
2017-07-29 02:25:14.469 WARN  (main) [   ] o.a.c.h.HttpMethodBase Cookie rejected: "$Version="1"; BAIDUID="E7480125964B39D9FB141C1F7CE36CC9:FG=1"; $Path="/"; $Domain=".baidu.com"". Illegal domain attribute ".baidu.com". Domain of origin: "aip.baidubce.com"
2017-07-29 02:25:14.476 WARN  (main) [   ] o.a.c.h.HttpMethodBase Cookie rejected: "$Version="1"; BAIDUID="82F09106716BE1600EB6E220A0B3CD8B:FG=1"; $Path="/"; $Domain=".baidu.com"". Illegal domain attribute ".baidu.com". Domain of origin: "aip.baidubce.com"
2017-07-29 02:26:31.431 WARN  (main) [   ] o.a.h.c.p.ResponseProcessCookies Cookie rejected [BAIDUID="631C022C03A038F61476C074D1023EFF:FG=1", version:0, domain:baidu.com, path:/, expiry:Fri Jan 01 07:55:55 CST 2038] Illegal 'domain' attribute "baidu.com". Domain of origin: "aip.baidubce.com"
2017-07-29 02:26:46.372 WARN  (main) [   ] o.a.c.h.HttpMethodBase Cookie rejected: "$Version="1"; BAIDUID="7E9210AD57F9076C8BD3F86F3CF1AC35:FG=1"; $Path="/"; $Domain=".baidu.com"". Illegal domain attribute ".baidu.com". Domain of origin: "aip.baidubce.com"
2017-07-29 02:26:46.380 WARN  (main) [   ] o.a.c.h.HttpMethodBase Cookie rejected: "$Version="1"; BAIDUID="ADD7D0D4D6A31B866F7E324292D65FF7:FG=1"; $Path="/"; $Domain=".baidu.com"". Illegal domain attribute ".baidu.com". Domain of origin: "aip.baidubce.com"
2017-07-29 02:28:38.706 WARN  (main) [   ] o.a.h.c.p.ResponseProcessCookies Cookie rejected [BAIDUID="0D91FC4F16043636F46DC091563E04A1:FG=1", version:0, domain:baidu.com, path:/, expiry:Fri Jan 01 07:55:55 CST 2038] Illegal 'domain' attribute "baidu.com". Domain of origin: "aip.baidubce.com"
2017-07-29 02:28:39.177 WARN  (main) [   ] o.a.c.h.HttpMethodBase Cookie rejected: "$Version="1"; BAIDUID="5D9E57B1CDE7D01C2A17B81BC75FB242:FG=1"; $Path="/"; $Domain=".baidu.com"". Illegal domain attribute ".baidu.com". Domain of origin: "aip.baidubce.com"
2017-07-29 02:28:39.178 WARN  (main) [   ] o.a.c.h.HttpMethodBase Cookie rejected: "$Version="1"; BAIDUID="A2C01C3C9428FDB79452FA5A1DB0ED8D:FG=1"; $Path="/"; $Domain=".baidu.com"". Illegal domain attribute ".baidu.com". Domain of origin: "aip.baidubce.com"
2017-07-29 02:29:11.232 WARN  (main) [   ] o.a.h.c.p.ResponseProcessCookies Cookie rejected [BAIDUID="C34DD7A776AFD103FA914CF6A0035A79:FG=1", version:0, domain:baidu.com, path:/, expiry:Fri Jan 01 07:55:55 CST 2038] Illegal 'domain' attribute "baidu.com". Domain of origin: "aip.baidubce.com"
2017-07-29 02:29:11.815 WARN  (main) [   ] o.a.c.h.HttpMethodBase Cookie rejected: "$Version="1"; BAIDUID="82F8AFF584E08F581F706757BAFA8734:FG=1"; $Path="/"; $Domain=".baidu.com"". Illegal domain attribute ".baidu.com". Domain of origin: "aip.baidubce.com"
2017-07-29 02:29:11.816 WARN  (main) [   ] o.a.c.h.HttpMethodBase Cookie rejected: "$Version="1"; BAIDUID="5197B60FED157931C2471D901050ADB1:FG=1"; $Path="/"; $Domain=".baidu.com"". Illegal domain attribute ".baidu.com". Domain of origin: "aip.baidubce.com"
2017-07-29 02:29:32.199 WARN  (main) [   ] o.a.h.c.p.ResponseProcessCookies Cookie rejected [BAIDUID="5201FB129C1EFF939BF4364C4610CF75:FG=1", version:0, domain:baidu.com, path:/, expiry:Fri Jan 01 07:55:55 CST 2038] Illegal 'domain' attribute "baidu.com". Domain of origin: "aip.baidubce.com"
2017-07-29 02:29:32.712 WARN  (main) [   ] o.a.c.h.HttpMethodBase Cookie rejected: "$Version="1"; BAIDUID="B234DF9E1E4B35053BE64F2FD4B9A282:FG=1"; $Path="/"; $Domain=".baidu.com"". Illegal domain attribute ".baidu.com". Domain of origin: "aip.baidubce.com"
2017-07-29 02:29:32.715 WARN  (main) [   ] o.a.c.h.HttpMethodBase Cookie rejected: "$Version="1"; BAIDUID="ED009EBCF59AAFCA01054684891D1CCF:FG=1"; $Path="/"; $Domain=".baidu.com"". Illegal domain attribute ".baidu.com". Domain of origin: "aip.baidubce.com"
2017-07-29 02:30:09.595 WARN  (main) [   ] o.a.h.c.p.ResponseProcessCookies Cookie rejected [BAIDUID="02C948DF8ECDC25B7E52CB8EE39F3FCA:FG=1", version:0, domain:baidu.com, path:/, expiry:Fri Jan 01 07:55:55 CST 2038] Illegal 'domain' attribute "baidu.com". Domain of origin: "aip.baidubce.com"
2017-07-29 02:30:10.095 WARN  (main) [   ] o.a.c.h.HttpMethodBase Cookie rejected: "$Version="1"; BAIDUID="ADB264911B9ED26B6AC81D6F5605FD6B:FG=1"; $Path="/"; $Domain=".baidu.com"". Illegal domain attribute ".baidu.com". Domain of origin: "aip.baidubce.com"
2017-07-29 02:30:10.096 WARN  (main) [   ] o.a.c.h.HttpMethodBase Cookie rejected: "$Version="1"; BAIDUID="7ECE55501AD430726744776E72F84235:FG=1"; $Path="/"; $Domain=".baidu.com"". Illegal domain attribute ".baidu.com". Domain of origin: "aip.baidubce.com"
2017-07-29 02:30:43.268 WARN  (main) [   ] o.a.h.c.p.ResponseProcessCookies Cookie rejected [BAIDUID="0EE5928755EEF025F9F8713FCE8206E7:FG=1", version:0, domain:baidu.com, path:/, expiry:Fri Jan 01 07:55:55 CST 2038] Illegal 'domain' attribute "baidu.com". Domain of origin: "aip.baidubce.com"
2017-07-29 02:30:43.804 WARN  (main) [   ] o.a.c.h.HttpMethodBase Cookie rejected: "$Version="1"; BAIDUID="E0BCDDC56ADD9981B5CE64B8829CB6E0:FG=1"; $Path="/"; $Domain=".baidu.com"". Illegal domain attribute ".baidu.com". Domain of origin: "aip.baidubce.com"
2017-07-29 02:30:43.806 WARN  (main) [   ] o.a.c.h.HttpMethodBase Cookie rejected: "$Version="1"; BAIDUID="4D4F0E9C8C42EF9471E2CC82EA73A7A8:FG=1"; $Path="/"; $Domain=".baidu.com"". Illegal domain attribute ".baidu.com". Domain of origin: "aip.baidubce.com"
2017-07-29 02:31:33.072 WARN  (main) [   ] o.a.h.c.p.ResponseProcessCookies Cookie rejected [BAIDUID="DC0B8A8A07F6438E20E9B9DBBE8ACE4C:FG=1", version:0, domain:baidu.com, path:/, expiry:Fri Jan 01 07:55:55 CST 2038] Illegal 'domain' attribute "baidu.com". Domain of origin: "aip.baidubce.com"
2017-07-29 02:31:35.081 WARN  (main) [   ] o.a.c.h.HttpMethodBase Cookie rejected: "$Version="1"; BAIDUID="E26D833650EF8097B11B0C04A2A225D7:FG=1"; $Path="/"; $Domain=".baidu.com"". Illegal domain attribute ".baidu.com". Domain of origin: "aip.baidubce.com"
2017-07-29 02:31:35.082 WARN  (main) [   ] o.a.c.h.HttpMethodBase Cookie rejected: "$Version="1"; BAIDUID="CAF6F85DB0CA24967AF3069A0BBC078E:FG=1"; $Path="/"; $Domain=".baidu.com"". Illegal domain attribute ".baidu.com". Domain of origin: "aip.baidubce.com"
2017-07-29 02:32:13.548 WARN  (main) [   ] o.a.h.c.p.ResponseProcessCookies Cookie rejected [BAIDUID="83994CD90CAE2E435E679B062A0A0783:FG=1", version:0, domain:baidu.com, path:/, expiry:Fri Jan 01 07:55:55 CST 2038] Illegal 'domain' attribute "baidu.com". Domain of origin: "aip.baidubce.com"
2017-07-29 02:32:14.087 WARN  (main) [   ] o.a.c.h.HttpMethodBase Cookie rejected: "$Version="1"; BAIDUID="D215058FFF3B2E41113B7C43F8E57B8B:FG=1"; $Path="/"; $Domain=".baidu.com"". Illegal domain attribute ".baidu.com". Domain of origin: "aip.baidubce.com"
2017-07-29 02:32:14.088 WARN  (main) [   ] o.a.c.h.HttpMethodBase Cookie rejected: "$Version="1"; BAIDUID="B6A194A810399BF4B83B477580053A8D:FG=1"; $Path="/"; $Domain=".baidu.com"". Illegal domain attribute ".baidu.com". Domain of origin: "aip.baidubce.com"
2017-07-29 11:12:33.576 WARN  (main) [   ] o.a.h.c.p.ResponseProcessCookies Cookie rejected [BAIDUID="A8D8734E772B98CBBF16682AF89D6811:FG=1", version:0, domain:baidu.com, path:/, expiry:Fri Jan 01 07:55:55 CST 2038] Illegal 'domain' attribute "baidu.com". Domain of origin: "aip.baidubce.com"
2017-07-29 11:12:36.637 WARN  (main) [   ] o.a.c.h.HttpMethodBase Cookie rejected: "$Version="1"; BAIDUID="A7935127A1D24A64D4A30CDF762CA930:FG=1"; $Path="/"; $Domain=".baidu.com"". Illegal domain attribute ".baidu.com". Domain of origin: "aip.baidubce.com"
2017-07-29 11:12:36.639 WARN  (main) [   ] o.a.c.h.HttpMethodBase Cookie rejected: "$Version="1"; BAIDUID="7E27D7CB622DC89CEDA859D5FD8D0F97:FG=1"; $Path="/"; $Domain=".baidu.com"". Illegal domain attribute ".baidu.com". Domain of origin: "aip.baidubce.com"
2017-07-29 11:14:15.471 WARN  (main) [   ] o.a.h.c.p.ResponseProcessCookies Cookie rejected [BAIDUID="EF2085F73D4633E2E3CEC6DDEAF19F25:FG=1", version:0, domain:baidu.com, path:/, expiry:Fri Jan 01 07:55:55 CST 2038] Illegal 'domain' attribute "baidu.com". Domain of origin: "aip.baidubce.com"
2017-07-29 11:14:16.019 WARN  (main) [   ] o.a.c.h.HttpMethodBase Cookie rejected: "$Version="1"; BAIDUID="346FC53D89DE1D24ABE3FBECAF2BA970:FG=1"; $Path="/"; $Domain=".baidu.com"". Illegal domain attribute ".baidu.com". Domain of origin: "aip.baidubce.com"
2017-07-29 11:14:16.022 WARN  (main) [   ] o.a.c.h.HttpMethodBase Cookie rejected: "$Version="1"; BAIDUID="2B8DE3CDAAD4D4AF4E3ACD5CB127AC7B:FG=1"; $Path="/"; $Domain=".baidu.com"". Illegal domain attribute ".baidu.com". Domain of origin: "aip.baidubce.com"
2017-07-29 11:14:16.158 WARN  (main) [   ] o.a.c.h.HttpMethodBase Cookie rejected: "$Version="1"; BAIDUID="5ED14F0AE36EC60539E424647D6D87B1:FG=1"; $Path="/"; $Domain=".baidu.com"". Illegal domain attribute ".baidu.com". Domain of origin: "aip.baidubce.com"
2017-07-29 11:14:16.159 WARN  (main) [   ] o.a.c.h.HttpMethodBase Cookie rejected: "$Version="1"; BAIDUID="B8135AC41E14FF5FA432DA6E53B2E413:FG=1"; $Path="/"; $Domain=".baidu.com"". Illegal domain attribute ".baidu.com". Domain of origin: "aip.baidubce.com"
2017-07-29 11:14:16.284 WARN  (main) [   ] o.a.c.h.HttpMethodBase Cookie rejected: "$Version="1"; BAIDUID="5ED14F0AE36EC605F14FDF59746C02A9:FG=1"; $Path="/"; $Domain=".baidu.com"". Illegal domain attribute ".baidu.com". Domain of origin: "aip.baidubce.com"
2017-07-29 11:14:16.304 WARN  (main) [   ] o.a.c.h.HttpMethodBase Cookie rejected: "$Version="1"; BAIDUID="A35C7BDF1303911DBB09A847FB26C87F:FG=1"; $Path="/"; $Domain=".baidu.com"". Illegal domain attribute ".baidu.com". Domain of origin: "aip.baidubce.com"
2017-07-29 11:14:16.385 WARN  (main) [   ] o.a.c.h.HttpMethodBase Cookie rejected: "$Version="1"; BAIDUID="5ED14F0AE36EC60530FAD51956C43934:FG=1"; $Path="/"; $Domain=".baidu.com"". Illegal domain attribute ".baidu.com". Domain of origin: "aip.baidubce.com"
2017-07-29 11:14:16.387 WARN  (main) [   ] o.a.c.h.HttpMethodBase Cookie rejected: "$Version="1"; BAIDUID="B8135AC41E14FF5FD1AFC2164929A031:FG=1"; $Path="/"; $Domain=".baidu.com"". Illegal domain attribute ".baidu.com". Domain of origin: "aip.baidubce.com"
2017-07-29 11:14:16.476 WARN  (main) [   ] o.a.c.h.HttpMethodBase Cookie rejected: "$Version="1"; BAIDUID="5ED14F0AE36EC605AC884C64CB4054EE:FG=1"; $Path="/"; $Domain=".baidu.com"". Illegal domain attribute ".baidu.com". Domain of origin: "aip.baidubce.com"
2017-07-29 11:14:16.478 WARN  (main) [   ] o.a.c.h.HttpMethodBase Cookie rejected: "$Version="1"; BAIDUID="124EEEA7CA52D9C20C6E687F0DC8D9BF:FG=1"; $Path="/"; $Domain=".baidu.com"". Illegal domain attribute ".baidu.com". Domain of origin: "aip.baidubce.com"
2017-07-29 11:14:16.595 WARN  (main) [   ] o.a.c.h.HttpMethodBase Cookie rejected: "$Version="1"; BAIDUID="5ED14F0AE36EC605A5A6FE3297E8BD2B:FG=1"; $Path="/"; $Domain=".baidu.com"". Illegal domain attribute ".baidu.com". Domain of origin: "aip.baidubce.com"
2017-07-29 11:14:16.596 WARN  (main) [   ] o.a.c.h.HttpMethodBase Cookie rejected: "$Version="1"; BAIDUID="660088D190EB6FD2FD1974185CAF53C0:FG=1"; $Path="/"; $Domain=".baidu.com"". Illegal domain attribute ".baidu.com". Domain of origin: "aip.baidubce.com"
2017-07-29 11:14:16.641 WARN  (main) [   ] o.a.c.h.HttpMethodBase Cookie rejected: "$Version="1"; BAIDUID="5ED14F0AE36EC60526454EEB84215ECF:FG=1"; $Path="/"; $Domain=".baidu.com"". Illegal domain attribute ".baidu.com". Domain of origin: "aip.baidubce.com"
2017-07-29 11:14:16.642 WARN  (main) [   ] o.a.c.h.HttpMethodBase Cookie rejected: "$Version="1"; BAIDUID="8FFA84A0C65A3873F6DD4C2D51BFD686:FG=1"; $Path="/"; $Domain=".baidu.com"". Illegal domain attribute ".baidu.com". Domain of origin: "aip.baidubce.com"
2017-07-29 11:14:16.681 WARN  (main) [   ] o.a.c.h.HttpMethodBase Cookie rejected: "$Version="1"; BAIDUID="5ED14F0AE36EC60526454EEB84215ECF:FG=1"; $Path="/"; $Domain=".baidu.com"". Illegal domain attribute ".baidu.com". Domain of origin: "aip.baidubce.com"
2017-07-29 11:14:16.682 WARN  (main) [   ] o.a.c.h.HttpMethodBase Cookie rejected: "$Version="1"; BAIDUID="DE82593F4BD869E5C7EDD156EA3FF3D7:FG=1"; $Path="/"; $Domain=".baidu.com"". Illegal domain attribute ".baidu.com". Domain of origin: "aip.baidubce.com"
2017-07-29 11:14:16.718 WARN  (main) [   ] o.a.c.h.HttpMethodBase Cookie rejected: "$Version="1"; BAIDUID="5ED14F0AE36EC6052A59DF3A0235A300:FG=1"; $Path="/"; $Domain=".baidu.com"". Illegal domain attribute ".baidu.com". Domain of origin: "aip.baidubce.com"
2017-07-29 11:14:16.720 WARN  (main) [   ] o.a.c.h.HttpMethodBase Cookie rejected: "$Version="1"; BAIDUID="247F1F78A6ACD9AC561D682E90FB13BE:FG=1"; $Path="/"; $Domain=".baidu.com"". Illegal domain attribute ".baidu.com". Domain of origin: "aip.baidubce.com"
2017-07-29 11:14:16.849 WARN  (main) [   ] o.a.c.h.HttpMethodBase Cookie rejected: "$Version="1"; BAIDUID="5ED14F0AE36EC605A97CD48AE67AA183:FG=1"; $Path="/"; $Domain=".baidu.com"". Illegal domain attribute ".baidu.com". Domain of origin: "aip.baidubce.com"
2017-07-29 11:14:16.850 WARN  (main) [   ] o.a.c.h.HttpMethodBase Cookie rejected: "$Version="1"; BAIDUID="C622650ACCC7EFB09F31658DE5944CC1:FG=1"; $Path="/"; $Domain=".baidu.com"". Illegal domain attribute ".baidu.com". Domain of origin: "aip.baidubce.com"
2017-07-29 11:14:16.904 WARN  (main) [   ] o.a.c.h.HttpMethodBase Cookie rejected: "$Version="1"; BAIDUID="5ED14F0AE36EC6057C8764533686268C:FG=1"; $Path="/"; $Domain=".baidu.com"". Illegal domain attribute ".baidu.com". Domain of origin: "aip.baidubce.com"
2017-07-29 11:14:16.906 WARN  (main) [   ] o.a.c.h.HttpMethodBase Cookie rejected: "$Version="1"; BAIDUID="51AE5BA9E66C8A64B17FD843C7B37440:FG=1"; $Path="/"; $Domain=".baidu.com"". Illegal domain attribute ".baidu.com". Domain of origin: "aip.baidubce.com"
2017-07-29 11:14:17.005 WARN  (main) [   ] o.a.c.h.HttpMethodBase Cookie rejected: "$Version="1"; BAIDUID="5ED14F0AE36EC605A0DF81FCD3D0EF8D:FG=1"; $Path="/"; $Domain=".baidu.com"". Illegal domain attribute ".baidu.com". Domain of origin: "aip.baidubce.com"
2017-07-29 11:14:17.006 WARN  (main) [   ] o.a.c.h.HttpMethodBase Cookie rejected: "$Version="1"; BAIDUID="1304014B20D725FFC15E80BA0CD7EBCA:FG=1"; $Path="/"; $Domain=".baidu.com"". Illegal domain attribute ".baidu.com". Domain of origin: "aip.baidubce.com"
2017-07-29 11:14:17.293 WARN  (main) [   ] o.a.c.h.HttpMethodBase Cookie rejected: "$Version="1"; BAIDUID="255F08C559CD5F5378E5168B88C3F862:FG=1"; $Path="/"; $Domain=".baidu.com"". Illegal domain attribute ".baidu.com". Domain of origin: "aip.baidubce.com"
2017-07-29 11:14:17.294 WARN  (main) [   ] o.a.c.h.HttpMethodBase Cookie rejected: "$Version="1"; BAIDUID="DD2D6E24640B973B85E26B48945D5B44:FG=1"; $Path="/"; $Domain=".baidu.com"". Illegal domain attribute ".baidu.com". Domain of origin: "aip.baidubce.com"
2017-07-29 11:14:17.382 WARN  (main) [   ] o.a.c.h.HttpMethodBase Cookie rejected: "$Version="1"; BAIDUID="255F08C559CD5F5347F36E43DDCDF7FA:FG=1"; $Path="/"; $Domain=".baidu.com"". Illegal domain attribute ".baidu.com". Domain of origin: "aip.baidubce.com"
2017-07-29 11:14:17.384 WARN  (main) [   ] o.a.c.h.HttpMethodBase Cookie rejected: "$Version="1"; BAIDUID="3FD21971DA102E9970774B51A0531E52:FG=1"; $Path="/"; $Domain=".baidu.com"". Illegal domain attribute ".baidu.com". Domain of origin: "aip.baidubce.com"
2017-07-29 11:15:41.431 WARN  (main) [   ] o.a.h.c.p.ResponseProcessCookies Cookie rejected [BAIDUID="40E8E380A954E6CE69AEDC2FA5898760:FG=1", version:0, domain:baidu.com, path:/, expiry:Fri Jan 01 07:55:55 CST 2038] Illegal 'domain' attribute "baidu.com". Domain of origin: "aip.baidubce.com"
2017-07-29 11:16:13.018 WARN  (main) [   ] o.a.c.h.HttpMethodBase Cookie rejected: "$Version="1"; BAIDUID="1615A4CA35052EBB31D7C80D8B6F3A14:FG=1"; $Path="/"; $Domain=".baidu.com"". Illegal domain attribute ".baidu.com". Domain of origin: "aip.baidubce.com"
2017-07-29 11:16:13.025 WARN  (main) [   ] o.a.c.h.HttpMethodBase Cookie rejected: "$Version="1"; BAIDUID="2CDCE3DDC098A222C62A6EEB17A8596A:FG=1"; $Path="/"; $Domain=".baidu.com"". Illegal domain attribute ".baidu.com". Domain of origin: "aip.baidubce.com"
2017-07-29 11:17:07.882 WARN  (main) [   ] o.a.c.h.HttpMethodBase Cookie rejected: "$Version="1"; BAIDUID="EEBB3E4216B2020E47F03958412BB8F2:FG=1"; $Path="/"; $Domain=".baidu.com"". Illegal domain attribute ".baidu.com". Domain of origin: "aip.baidubce.com"
2017-07-29 11:17:07.887 WARN  (main) [   ] o.a.c.h.HttpMethodBase Cookie rejected: "$Version="1"; BAIDUID="13D07E74E0EDDFE50728CBF6753DE8DE:FG=1"; $Path="/"; $Domain=".baidu.com"". Illegal domain attribute ".baidu.com". Domain of origin: "aip.baidubce.com"
2017-07-29 11:17:33.665 WARN  (main) [   ] o.a.c.h.HttpMethodBase Cookie rejected: "$Version="1"; BAIDUID="779753ABC1AE1F42EFBA6FD9F5C92036:FG=1"; $Path="/"; $Domain=".baidu.com"". Illegal domain attribute ".baidu.com". Domain of origin: "aip.baidubce.com"
2017-07-29 11:17:33.670 WARN  (main) [   ] o.a.c.h.HttpMethodBase Cookie rejected: "$Version="1"; BAIDUID="16915CD9AD164DA1C49B3851F61E60E6:FG=1"; $Path="/"; $Domain=".baidu.com"". Illegal domain attribute ".baidu.com". Domain of origin: "aip.baidubce.com"
2017-07-29 11:17:39.633 WARN  (main) [   ] o.a.c.h.HttpMethodBase Cookie rejected: "$Version="1"; BAIDUID="7FA7D465D02FC12307E47DF662FA2F7C:FG=1"; $Path="/"; $Domain=".baidu.com"". Illegal domain attribute ".baidu.com". Domain of origin: "aip.baidubce.com"
2017-07-29 11:17:39.635 WARN  (main) [   ] o.a.c.h.HttpMethodBase Cookie rejected: "$Version="1"; BAIDUID="DABE423AC51A492413DA9431F0191F7B:FG=1"; $Path="/"; $Domain=".baidu.com"". Illegal domain attribute ".baidu.com". Domain of origin: "aip.baidubce.com"
2017-07-29 11:17:39.740 WARN  (main) [   ] o.a.c.h.HttpMethodBase Cookie rejected: "$Version="1"; BAIDUID="7FA7D465D02FC123F3F8932A99D1A8B3:FG=1"; $Path="/"; $Domain=".baidu.com"". Illegal domain attribute ".baidu.com". Domain of origin: "aip.baidubce.com"
2017-07-29 11:17:39.743 WARN  (main) [   ] o.a.c.h.HttpMethodBase Cookie rejected: "$Version="1"; BAIDUID="57030A592D950DD7C818015153B9ABED:FG=1"; $Path="/"; $Domain=".baidu.com"". Illegal domain attribute ".baidu.com". Domain of origin: "aip.baidubce.com"
2017-07-29 11:17:39.843 WARN  (main) [   ] o.a.c.h.HttpMethodBase Cookie rejected: "$Version="1"; BAIDUID="7FA7D465D02FC123428F0AD73FE0AD77:FG=1"; $Path="/"; $Domain=".baidu.com"". Illegal domain attribute ".baidu.com". Domain of origin: "aip.baidubce.com"
2017-07-29 11:17:39.845 WARN  (main) [   ] o.a.c.h.HttpMethodBase Cookie rejected: "$Version="1"; BAIDUID="E8653AC8BE9B5E01F98C651F112AB360:FG=1"; $Path="/"; $Domain=".baidu.com"". Illegal domain attribute ".baidu.com". Domain of origin: "aip.baidubce.com"
2017-07-29 11:17:39.918 WARN  (main) [   ] o.a.c.h.HttpMethodBase Cookie rejected: "$Version="1"; BAIDUID="7FA7D465D02FC12305E2E57AC0BD44C5:FG=1"; $Path="/"; $Domain=".baidu.com"". Illegal domain attribute ".baidu.com". Domain of origin: "aip.baidubce.com"
2017-07-29 11:17:39.919 WARN  (main) [   ] o.a.c.h.HttpMethodBase Cookie rejected: "$Version="1"; BAIDUID="8A1B9FFE912C76FB9BFFDE401FABAEBD:FG=1"; $Path="/"; $Domain=".baidu.com"". Illegal domain attribute ".baidu.com". Domain of origin: "aip.baidubce.com"
2017-07-29 11:17:40.252 WARN  (main) [   ] o.a.c.h.HttpMethodBase Cookie rejected: "$Version="1"; BAIDUID="7FA7D465D02FC123CAABB98C3BE1C9C2:FG=1"; $Path="/"; $Domain=".baidu.com"". Illegal domain attribute ".baidu.com". Domain of origin: "aip.baidubce.com"
2017-07-29 11:17:40.253 WARN  (main) [   ] o.a.c.h.HttpMethodBase Cookie rejected: "$Version="1"; BAIDUID="4CCDC1BDCADF64629601C8CE3D364DCF:FG=1"; $Path="/"; $Domain=".baidu.com"". Illegal domain attribute ".baidu.com". Domain of origin: "aip.baidubce.com"
2017-07-29 11:17:40.337 WARN  (main) [   ] o.a.c.h.HttpMethodBase Cookie rejected: "$Version="1"; BAIDUID="7B2B4111F209F78BAB0B0F09C497A78E:FG=1"; $Path="/"; $Domain=".baidu.com"". Illegal domain attribute ".baidu.com". Domain of origin: "aip.baidubce.com"
2017-07-29 11:17:40.339 WARN  (main) [   ] o.a.c.h.HttpMethodBase Cookie rejected: "$Version="1"; BAIDUID="1BD5DD95D559EEA17FCC4E86B2914A05:FG=1"; $Path="/"; $Domain=".baidu.com"". Illegal domain attribute ".baidu.com". Domain of origin: "aip.baidubce.com"
2017-07-29 11:17:40.445 WARN  (main) [   ] o.a.c.h.HttpMethodBase Cookie rejected: "$Version="1"; BAIDUID="7B2B4111F209F78B89FB1194332B924A:FG=1"; $Path="/"; $Domain=".baidu.com"". Illegal domain attribute ".baidu.com". Domain of origin: "aip.baidubce.com"
2017-07-29 11:17:40.446 WARN  (main) [   ] o.a.c.h.HttpMethodBase Cookie rejected: "$Version="1"; BAIDUID="4CD463E4619B6C9ABB1F2606FB51EF1F:FG=1"; $Path="/"; $Domain=".baidu.com"". Illegal domain attribute ".baidu.com". Domain of origin: "aip.baidubce.com"
2017-07-29 11:17:40.548 WARN  (main) [   ] o.a.c.h.HttpMethodBase Cookie rejected: "$Version="1"; BAIDUID="7B2B4111F209F78B334C2E19E0429AF4:FG=1"; $Path="/"; $Domain=".baidu.com"". Illegal domain attribute ".baidu.com". Domain of origin: "aip.baidubce.com"
2017-07-29 11:17:40.550 WARN  (main) [   ] o.a.c.h.HttpMethodBase Cookie rejected: "$Version="1"; BAIDUID="70BA664C7223C734144A5CCC306FA63D:FG=1"; $Path="/"; $Domain=".baidu.com"". Illegal domain attribute ".baidu.com". Domain of origin: "aip.baidubce.com"
2017-07-29 11:17:40.633 WARN  (main) [   ] o.a.c.h.HttpMethodBase Cookie rejected: "$Version="1"; BAIDUID="7B2B4111F209F78BAFB9B055273B91C0:FG=1"; $Path="/"; $Domain=".baidu.com"". Illegal domain attribute ".baidu.com". Domain of origin: "aip.baidubce.com"
2017-07-29 11:17:40.635 WARN  (main) [   ] o.a.c.h.HttpMethodBase Cookie rejected: "$Version="1"; BAIDUID="5074C0D7DDDDDE06D69EC3BA0762F227:FG=1"; $Path="/"; $Domain=".baidu.com"". Illegal domain attribute ".baidu.com". Domain of origin: "aip.baidubce.com"
2017-07-29 11:17:40.741 WARN  (main) [   ] o.a.c.h.HttpMethodBase Cookie rejected: "$Version="1"; BAIDUID="7B2B4111F209F78B77B6E95CA94C1E76:FG=1"; $Path="/"; $Domain=".baidu.com"". Illegal domain attribute ".baidu.com". Domain of origin: "aip.baidubce.com"
2017-07-29 11:17:40.743 WARN  (main) [   ] o.a.c.h.HttpMethodBase Cookie rejected: "$Version="1"; BAIDUID="9D1CBB1D67E971B2BBCC97B4C447CB1A:FG=1"; $Path="/"; $Domain=".baidu.com"". Illegal domain attribute ".baidu.com". Domain of origin: "aip.baidubce.com"
2017-07-29 11:17:40.797 WARN  (main) [   ] o.a.c.h.HttpMethodBase Cookie rejected: "$Version="1"; BAIDUID="7B2B4111F209F78BC5AE7C84EA2FFF12:FG=1"; $Path="/"; $Domain=".baidu.com"". Illegal domain attribute ".baidu.com". Domain of origin: "aip.baidubce.com"
2017-07-29 11:17:40.799 WARN  (main) [   ] o.a.c.h.HttpMethodBase Cookie rejected: "$Version="1"; BAIDUID="5074C0D7DDDDDE06AD41105FF6A95D54:FG=1"; $Path="/"; $Domain=".baidu.com"". Illegal domain attribute ".baidu.com". Domain of origin: "aip.baidubce.com"
2017-07-29 11:22:14.667 WARN  (main) [   ] o.a.h.c.p.ResponseProcessCookies Cookie rejected [BAIDUID="D55FB5BD9291D5AA16F6FAD4BDBB7BF2:FG=1", version:0, domain:baidu.com, path:/, expiry:Fri Jan 01 07:55:55 CST 2038] Illegal 'domain' attribute "baidu.com". Domain of origin: "aip.baidubce.com"
2017-07-29 11:22:15.137 WARN  (main) [   ] o.a.c.h.HttpMethodBase Cookie rejected: "$Version="1"; BAIDUID="45EAFFA54EA23F2092546E1C8FEA1628:FG=1"; $Path="/"; $Domain=".baidu.com"". Illegal domain attribute ".baidu.com". Domain of origin: "aip.baidubce.com"
2017-07-29 11:22:15.138 WARN  (main) [   ] o.a.c.h.HttpMethodBase Cookie rejected: "$Version="1"; BAIDUID="EC3D46D6A3CDDC886AE1549745339F78:FG=1"; $Path="/"; $Domain=".baidu.com"". Illegal domain attribute ".baidu.com". Domain of origin: "aip.baidubce.com"
2017-07-29 11:22:15.269 WARN  (main) [   ] o.a.c.h.HttpMethodBase Cookie rejected: "$Version="1"; BAIDUID="45EAFFA54EA23F201753973CC5AFE2B0:FG=1"; $Path="/"; $Domain=".baidu.com"". Illegal domain attribute ".baidu.com". Domain of origin: "aip.baidubce.com"
2017-07-29 11:22:15.270 WARN  (main) [   ] o.a.c.h.HttpMethodBase Cookie rejected: "$Version="1"; BAIDUID="EBD2645A3B7639337D76D3D40F5A3286:FG=1"; $Path="/"; $Domain=".baidu.com"". Illegal domain attribute ".baidu.com". Domain of origin: "aip.baidubce.com"
2017-07-29 11:24:09.298 WARN  (main) [   ] o.a.h.c.p.ResponseProcessCookies Cookie rejected [BAIDUID="5EDE6885CFBCF4020B34A3E760E19A3F:FG=1", version:0, domain:baidu.com, path:/, expiry:Fri Jan 01 07:55:55 CST 2038] Illegal 'domain' attribute "baidu.com". Domain of origin: "aip.baidubce.com"
2017-07-29 11:24:09.659 WARN  (main) [   ] o.a.c.h.HttpMethodBase Cookie rejected: "$Version="1"; BAIDUID="913B2BBFEB4E333BDF4DCEC43B9CEE74:FG=1"; $Path="/"; $Domain=".baidu.com"". Illegal domain attribute ".baidu.com". Domain of origin: "aip.baidubce.com"
2017-07-29 11:24:09.684 WARN  (main) [   ] o.a.c.h.HttpMethodBase Cookie rejected: "$Version="1"; BAIDUID="1F1F1B6003658401F76AC8E3BB5CF237:FG=1"; $Path="/"; $Domain=".baidu.com"". Illegal domain attribute ".baidu.com". Domain of origin: "aip.baidubce.com"
2017-07-29 11:25:47.516 WARN  (main) [   ] o.a.h.c.p.ResponseProcessCookies Cookie rejected [BAIDUID="88F9889D536E2DB752972331A0397042:FG=1", version:0, domain:baidu.com, path:/, expiry:Fri Jan 01 07:55:55 CST 2038] Illegal 'domain' attribute "baidu.com". Domain of origin: "aip.baidubce.com"
2017-07-29 11:25:47.901 WARN  (main) [   ] o.a.c.h.HttpMethodBase Cookie rejected: "$Version="1"; BAIDUID="390F734C983CAA27739FA3972897CC7A:FG=1"; $Path="/"; $Domain=".baidu.com"". Illegal domain attribute ".baidu.com". Domain of origin: "aip.baidubce.com"
2017-07-29 11:25:47.902 WARN  (main) [   ] o.a.c.h.HttpMethodBase Cookie rejected: "$Version="1"; BAIDUID="88F9889D536E2DB7C873FF92F26BE41D:FG=1"; $Path="/"; $Domain=".baidu.com"". Illegal domain attribute ".baidu.com". Domain of origin: "aip.baidubce.com"
2017-07-29 11:27:34.773 WARN  (main) [   ] o.a.h.c.p.ResponseProcessCookies Cookie rejected [BAIDUID="50249F8115DF77CFE88162E0AE0B464F:FG=1", version:0, domain:baidu.com, path:/, expiry:Fri Jan 01 07:55:55 CST 2038] Illegal 'domain' attribute "baidu.com". Domain of origin: "aip.baidubce.com"
2017-07-29 11:27:35.156 WARN  (main) [   ] o.a.c.h.HttpMethodBase Cookie rejected: "$Version="1"; BAIDUID="481CF7671640D70E406BDF0F147D3E51:FG=1"; $Path="/"; $Domain=".baidu.com"". Illegal domain attribute ".baidu.com". Domain of origin: "aip.baidubce.com"
2017-07-29 11:27:35.157 WARN  (main) [   ] o.a.c.h.HttpMethodBase Cookie rejected: "$Version="1"; BAIDUID="38832877B4266B2B7D82DF43D20BD67E:FG=1"; $Path="/"; $Domain=".baidu.com"". Illegal domain attribute ".baidu.com". Domain of origin: "aip.baidubce.com"
2017-07-29 11:29:45.513 WARN  (main) [   ] o.a.h.c.p.ResponseProcessCookies Cookie rejected [BAIDUID="B3849820A880FE5FDBCD370B6EF3CC0C:FG=1", version:0, domain:baidu.com, path:/, expiry:Fri Jan 01 07:55:55 CST 2038] Illegal 'domain' attribute "baidu.com". Domain of origin: "aip.baidubce.com"
2017-07-29 11:29:46.667 WARN  (main) [   ] o.a.c.h.HttpMethodBase Cookie rejected: "$Version="1"; BAIDUID="8A1359FAC5FE635A4A25CED9FAF7BD22:FG=1"; $Path="/"; $Domain=".baidu.com"". Illegal domain attribute ".baidu.com". Domain of origin: "aip.baidubce.com"
2017-07-29 11:29:46.668 WARN  (main) [   ] o.a.c.h.HttpMethodBase Cookie rejected: "$Version="1"; BAIDUID="D6521188428039B079BED126BC2D61BD:FG=1"; $Path="/"; $Domain=".baidu.com"". Illegal domain attribute ".baidu.com". Domain of origin: "aip.baidubce.com"
2017-07-29 11:30:20.640 WARN  (main) [   ] o.a.h.c.p.ResponseProcessCookies Cookie rejected [BAIDUID="0BF5B669C4892F72DF97161DC9A6D18F:FG=1", version:0, domain:baidu.com, path:/, expiry:Fri Jan 01 07:55:55 CST 2038] Illegal 'domain' attribute "baidu.com". Domain of origin: "aip.baidubce.com"
2017-07-29 11:30:21.256 WARN  (main) [   ] o.a.c.h.HttpMethodBase Cookie rejected: "$Version="1"; BAIDUID="D568E6370AB270714B2EC2ED144F2403:FG=1"; $Path="/"; $Domain=".baidu.com"". Illegal domain attribute ".baidu.com". Domain of origin: "aip.baidubce.com"
2017-07-29 11:30:21.258 WARN  (main) [   ] o.a.c.h.HttpMethodBase Cookie rejected: "$Version="1"; BAIDUID="94B26E86407334D6865AF88FE3A88779:FG=1"; $Path="/"; $Domain=".baidu.com"". Illegal domain attribute ".baidu.com". Domain of origin: "aip.baidubce.com"
2017-07-29 11:30:55.755 WARN  (main) [   ] o.a.h.c.p.ResponseProcessCookies Cookie rejected [BAIDUID="ED3144218E704411FAFAF9309CE1277B:FG=1", version:0, domain:baidu.com, path:/, expiry:Fri Jan 01 07:55:55 CST 2038] Illegal 'domain' attribute "baidu.com". Domain of origin: "aip.baidubce.com"
2017-07-29 11:30:56.337 WARN  (main) [   ] o.a.c.h.HttpMethodBase Cookie rejected: "$Version="1"; BAIDUID="EEE1F008DDBF5C038EC19540B3E1FE4A:FG=1"; $Path="/"; $Domain=".baidu.com"". Illegal domain attribute ".baidu.com". Domain of origin: "aip.baidubce.com"
2017-07-29 11:30:56.339 WARN  (main) [   ] o.a.c.h.HttpMethodBase Cookie rejected: "$Version="1"; BAIDUID="5116F4C485DFF1EA794200FA358539EB:FG=1"; $Path="/"; $Domain=".baidu.com"". Illegal domain attribute ".baidu.com". Domain of origin: "aip.baidubce.com"
2017-07-29 11:30:56.451 WARN  (main) [   ] o.a.c.h.HttpMethodBase Cookie rejected: "$Version="1"; BAIDUID="EEE1F008DDBF5C030267A1CD31E3FE8C:FG=1"; $Path="/"; $Domain=".baidu.com"". Illegal domain attribute ".baidu.com". Domain of origin: "aip.baidubce.com"
2017-07-29 11:30:56.452 WARN  (main) [   ] o.a.c.h.HttpMethodBase Cookie rejected: "$Version="1"; BAIDUID="1233A0F404295733A7BA84DBA27951B1:FG=1"; $Path="/"; $Domain=".baidu.com"". Illegal domain attribute ".baidu.com". Domain of origin: "aip.baidubce.com"
2017-07-29 11:30:56.727 WARN  (main) [   ] o.a.c.h.HttpMethodBase Cookie rejected: "$Version="1"; BAIDUID="EEE1F008DDBF5C037C8DBE310D16D631:FG=1"; $Path="/"; $Domain=".baidu.com"". Illegal domain attribute ".baidu.com". Domain of origin: "aip.baidubce.com"
2017-07-29 11:30:56.729 WARN  (main) [   ] o.a.c.h.HttpMethodBase Cookie rejected: "$Version="1"; BAIDUID="AD49E42607B00E9D6A33497DBA343DA9:FG=1"; $Path="/"; $Domain=".baidu.com"". Illegal domain attribute ".baidu.com". Domain of origin: "aip.baidubce.com"
2017-07-29 11:30:56.824 WARN  (main) [   ] o.a.c.h.HttpMethodBase Cookie rejected: "$Version="1"; BAIDUID="EEE1F008DDBF5C03721307583F023972:FG=1"; $Path="/"; $Domain=".baidu.com"". Illegal domain attribute ".baidu.com". Domain of origin: "aip.baidubce.com"
2017-07-29 11:30:56.826 WARN  (main) [   ] o.a.c.h.HttpMethodBase Cookie rejected: "$Version="1"; BAIDUID="6B67A93E4739ED04A5C0182C4DABE4E6:FG=1"; $Path="/"; $Domain=".baidu.com"". Illegal domain attribute ".baidu.com". Domain of origin: "aip.baidubce.com"
2017-07-29 11:30:56.951 WARN  (main) [   ] o.a.c.h.HttpMethodBase Cookie rejected: "$Version="1"; BAIDUID="EEE1F008DDBF5C035CBB2E52A30D48E4:FG=1"; $Path="/"; $Domain=".baidu.com"". Illegal domain attribute ".baidu.com". Domain of origin: "aip.baidubce.com"
2017-07-29 11:30:56.952 WARN  (main) [   ] o.a.c.h.HttpMethodBase Cookie rejected: "$Version="1"; BAIDUID="FABEDA5CE5DF62F56CED0D23F0720C16:FG=1"; $Path="/"; $Domain=".baidu.com"". Illegal domain attribute ".baidu.com". Domain of origin: "aip.baidubce.com"
2017-07-29 11:30:57.252 WARN  (main) [   ] o.a.c.h.HttpMethodBase Cookie rejected: "$Version="1"; BAIDUID="EEE1F008DDBF5C03F7CF0B1CB95DD0DC:FG=1"; $Path="/"; $Domain=".baidu.com"". Illegal domain attribute ".baidu.com". Domain of origin: "aip.baidubce.com"
2017-07-29 11:30:57.253 WARN  (main) [   ] o.a.c.h.HttpMethodBase Cookie rejected: "$Version="1"; BAIDUID="4D4C0C0739550208266D8916239D0485:FG=1"; $Path="/"; $Domain=".baidu.com"". Illegal domain attribute ".baidu.com". Domain of origin: "aip.baidubce.com"
2017-07-29 11:30:57.346 WARN  (main) [   ] o.a.c.h.HttpMethodBase Cookie rejected: "$Version="1"; BAIDUID="ACE2DEDBE64688707507D915CCB6147E:FG=1"; $Path="/"; $Domain=".baidu.com"". Illegal domain attribute ".baidu.com". Domain of origin: "aip.baidubce.com"
2017-07-29 11:30:57.348 WARN  (main) [   ] o.a.c.h.HttpMethodBase Cookie rejected: "$Version="1"; BAIDUID="2619F108EE42C5954F87B6941E9692D7:FG=1"; $Path="/"; $Domain=".baidu.com"". Illegal domain attribute ".baidu.com". Domain of origin: "aip.baidubce.com"
2017-07-29 11:30:57.424 WARN  (main) [   ] o.a.c.h.HttpMethodBase Cookie rejected: "$Version="1"; BAIDUID="ACE2DEDBE64688709432CB250C5427A4:FG=1"; $Path="/"; $Domain=".baidu.com"". Illegal domain attribute ".baidu.com". Domain of origin: "aip.baidubce.com"
2017-07-29 11:30:57.426 WARN  (main) [   ] o.a.c.h.HttpMethodBase Cookie rejected: "$Version="1"; BAIDUID="37E9480F7071CBDA8170F39DAEBD00AD:FG=1"; $Path="/"; $Domain=".baidu.com"". Illegal domain attribute ".baidu.com". Domain of origin: "aip.baidubce.com"
2017-07-29 11:30:57.498 WARN  (main) [   ] o.a.c.h.HttpMethodBase Cookie rejected: "$Version="1"; BAIDUID="ACE2DEDBE64688709706D7434C94F8C5:FG=1"; $Path="/"; $Domain=".baidu.com"". Illegal domain attribute ".baidu.com". Domain of origin: "aip.baidubce.com"
2017-07-29 11:30:57.499 WARN  (main) [   ] o.a.c.h.HttpMethodBase Cookie rejected: "$Version="1"; BAIDUID="DF3255C061FF12FCE54C457BF6AE494E:FG=1"; $Path="/"; $Domain=".baidu.com"". Illegal domain attribute ".baidu.com". Domain of origin: "aip.baidubce.com"
2017-07-29 11:30:57.777 WARN  (main) [   ] o.a.c.h.HttpMethodBase Cookie rejected: "$Version="1"; BAIDUID="ACE2DEDBE6468870F6690D86A9C8E217:FG=1"; $Path="/"; $Domain=".baidu.com"". Illegal domain attribute ".baidu.com". Domain of origin: "aip.baidubce.com"
2017-07-29 11:30:57.778 WARN  (main) [   ] o.a.c.h.HttpMethodBase Cookie rejected: "$Version="1"; BAIDUID="AB8C074730A5452B527C93B497A69ECB:FG=1"; $Path="/"; $Domain=".baidu.com"". Illegal domain attribute ".baidu.com". Domain of origin: "aip.baidubce.com"
2017-07-29 11:30:57.873 WARN  (main) [   ] o.a.c.h.HttpMethodBase Cookie rejected: "$Version="1"; BAIDUID="ACE2DEDBE64688703450B13228371492:FG=1"; $Path="/"; $Domain=".baidu.com"". Illegal domain attribute ".baidu.com". Domain of origin: "aip.baidubce.com"
2017-07-29 11:30:57.875 WARN  (main) [   ] o.a.c.h.HttpMethodBase Cookie rejected: "$Version="1"; BAIDUID="DBF70E32489A434405862C3F7855AE66:FG=1"; $Path="/"; $Domain=".baidu.com"". Illegal domain attribute ".baidu.com". Domain of origin: "aip.baidubce.com"
2017-07-29 11:30:57.959 WARN  (main) [   ] o.a.c.h.HttpMethodBase Cookie rejected: "$Version="1"; BAIDUID="ACE2DEDBE646887061DA695440090B4D:FG=1"; $Path="/"; $Domain=".baidu.com"". Illegal domain attribute ".baidu.com". Domain of origin: "aip.baidubce.com"
2017-07-29 11:30:57.960 WARN  (main) [   ] o.a.c.h.HttpMethodBase Cookie rejected: "$Version="1"; BAIDUID="AEF18F9B310F1A597963B5C09BA2046F:FG=1"; $Path="/"; $Domain=".baidu.com"". Illegal domain attribute ".baidu.com". Domain of origin: "aip.baidubce.com"
2017-07-29 11:30:58.012 WARN  (main) [   ] o.a.c.h.HttpMethodBase Cookie rejected: "$Version="1"; BAIDUID="ACE2DEDBE6468870E518BD6112FADCA7:FG=1"; $Path="/"; $Domain=".baidu.com"". Illegal domain attribute ".baidu.com". Domain of origin: "aip.baidubce.com"
2017-07-29 11:30:58.014 WARN  (main) [   ] o.a.c.h.HttpMethodBase Cookie rejected: "$Version="1"; BAIDUID="332B7442E3329CEB777062BF839DAACC:FG=1"; $Path="/"; $Domain=".baidu.com"". Illegal domain attribute ".baidu.com". Domain of origin: "aip.baidubce.com"
2017-07-29 11:30:58.061 WARN  (main) [   ] o.a.c.h.HttpMethodBase Cookie rejected: "$Version="1"; BAIDUID="ACE2DEDBE646887050E519C7ADC71B52:FG=1"; $Path="/"; $Domain=".baidu.com"". Illegal domain attribute ".baidu.com". Domain of origin: "aip.baidubce.com"
2017-07-29 11:30:58.063 WARN  (main) [   ] o.a.c.h.HttpMethodBase Cookie rejected: "$Version="1"; BAIDUID="7FB8CC3C3728ABD73D280D9371126728:FG=1"; $Path="/"; $Domain=".baidu.com"". Illegal domain attribute ".baidu.com". Domain of origin: "aip.baidubce.com"
2017-07-29 11:37:45.239 WARN  (main) [   ] o.a.h.c.p.ResponseProcessCookies Cookie rejected [BAIDUID="C3F817CF386A180253C5136BD457F8D4:FG=1", version:0, domain:baidu.com, path:/, expiry:Fri Jan 01 07:55:55 CST 2038] Illegal 'domain' attribute "baidu.com". Domain of origin: "aip.baidubce.com"
2017-07-29 11:37:45.805 WARN  (main) [   ] o.a.c.h.HttpMethodBase Cookie rejected: "$Version="1"; BAIDUID="7BE6267EA2F09C3EEA153BEF0CBCDA10:FG=1"; $Path="/"; $Domain=".baidu.com"". Illegal domain attribute ".baidu.com". Domain of origin: "aip.baidubce.com"
2017-07-29 11:37:45.806 WARN  (main) [   ] o.a.c.h.HttpMethodBase Cookie rejected: "$Version="1"; BAIDUID="6FB84D7490FE8776749C05DDC8AF1CC1:FG=1"; $Path="/"; $Domain=".baidu.com"". Illegal domain attribute ".baidu.com". Domain of origin: "aip.baidubce.com"
2017-07-29 11:37:45.915 WARN  (main) [   ] o.a.c.h.HttpMethodBase Cookie rejected: "$Version="1"; BAIDUID="7BE6267EA2F09C3E8E9F82650A99F8CB:FG=1"; $Path="/"; $Domain=".baidu.com"". Illegal domain attribute ".baidu.com". Domain of origin: "aip.baidubce.com"
2017-07-29 11:37:45.917 WARN  (main) [   ] o.a.c.h.HttpMethodBase Cookie rejected: "$Version="1"; BAIDUID="A8C541ACBDFAB49E599E2825F66B1C08:FG=1"; $Path="/"; $Domain=".baidu.com"". Illegal domain attribute ".baidu.com". Domain of origin: "aip.baidubce.com"
2017-07-29 11:37:46.206 WARN  (main) [   ] o.a.c.h.HttpMethodBase Cookie rejected: "$Version="1"; BAIDUID="7BE6267EA2F09C3E617A7CD468E3A7DA:FG=1"; $Path="/"; $Domain=".baidu.com"". Illegal domain attribute ".baidu.com". Domain of origin: "aip.baidubce.com"
2017-07-29 11:37:46.207 WARN  (main) [   ] o.a.c.h.HttpMethodBase Cookie rejected: "$Version="1"; BAIDUID="306F154B83D98653E718ED4BAB707CC4:FG=1"; $Path="/"; $Domain=".baidu.com"". Illegal domain attribute ".baidu.com". Domain of origin: "aip.baidubce.com"
2017-07-29 11:37:46.333 WARN  (main) [   ] o.a.c.h.HttpMethodBase Cookie rejected: "$Version="1"; BAIDUID="A0DAC673AA9940C7493995B56CA08EFE:FG=1"; $Path="/"; $Domain=".baidu.com"". Illegal domain attribute ".baidu.com". Domain of origin: "aip.baidubce.com"
2017-07-29 11:37:46.335 WARN  (main) [   ] o.a.c.h.HttpMethodBase Cookie rejected: "$Version="1"; BAIDUID="8E7E6458A73AEBA7EA91C9E06CEE3360:FG=1"; $Path="/"; $Domain=".baidu.com"". Illegal domain attribute ".baidu.com". Domain of origin: "aip.baidubce.com"
2017-07-29 11:37:46.439 WARN  (main) [   ] o.a.c.h.HttpMethodBase Cookie rejected: "$Version="1"; BAIDUID="A0DAC673AA9940C7DE7E33A7A8A55658:FG=1"; $Path="/"; $Domain=".baidu.com"". Illegal domain attribute ".baidu.com". Domain of origin: "aip.baidubce.com"
2017-07-29 11:37:46.441 WARN  (main) [   ] o.a.c.h.HttpMethodBase Cookie rejected: "$Version="1"; BAIDUID="3245BFF57686C6BC8FF0274B8CEAB0D7:FG=1"; $Path="/"; $Domain=".baidu.com"". Illegal domain attribute ".baidu.com". Domain of origin: "aip.baidubce.com"
2017-07-29 11:37:46.739 WARN  (main) [   ] o.a.c.h.HttpMethodBase Cookie rejected: "$Version="1"; BAIDUID="A0DAC673AA9940C7AA063861EEB19B7B:FG=1"; $Path="/"; $Domain=".baidu.com"". Illegal domain attribute ".baidu.com". Domain of origin: "aip.baidubce.com"
2017-07-29 11:37:46.741 WARN  (main) [   ] o.a.c.h.HttpMethodBase Cookie rejected: "$Version="1"; BAIDUID="94189996597C4E3D3DD5F02EBE0236A4:FG=1"; $Path="/"; $Domain=".baidu.com"". Illegal domain attribute ".baidu.com". Domain of origin: "aip.baidubce.com"
2017-07-29 11:37:46.868 WARN  (main) [   ] o.a.c.h.HttpMethodBase Cookie rejected: "$Version="1"; BAIDUID="A0DAC673AA9940C7A5A50694A597EA94:FG=1"; $Path="/"; $Domain=".baidu.com"". Illegal domain attribute ".baidu.com". Domain of origin: "aip.baidubce.com"
2017-07-29 11:37:46.869 WARN  (main) [   ] o.a.c.h.HttpMethodBase Cookie rejected: "$Version="1"; BAIDUID="8E7E6458A73AEBA754F6BDD2ABDB6EE6:FG=1"; $Path="/"; $Domain=".baidu.com"". Illegal domain attribute ".baidu.com". Domain of origin: "aip.baidubce.com"
2017-07-29 11:37:46.974 WARN  (main) [   ] o.a.c.h.HttpMethodBase Cookie rejected: "$Version="1"; BAIDUID="A0DAC673AA9940C710E40D20C186E8F5:FG=1"; $Path="/"; $Domain=".baidu.com"". Illegal domain attribute ".baidu.com". Domain of origin: "aip.baidubce.com"
2017-07-29 11:37:46.976 WARN  (main) [   ] o.a.c.h.HttpMethodBase Cookie rejected: "$Version="1"; BAIDUID="36E94A8B04CF023903FA0C0E98A44EF0:FG=1"; $Path="/"; $Domain=".baidu.com"". Illegal domain attribute ".baidu.com". Domain of origin: "aip.baidubce.com"
2017-07-29 11:37:47.254 WARN  (main) [   ] o.a.c.h.HttpMethodBase Cookie rejected: "$Version="1"; BAIDUID="D14C8007EEA6F2E0998CBB3367E5F531:FG=1"; $Path="/"; $Domain=".baidu.com"". Illegal domain attribute ".baidu.com". Domain of origin: "aip.baidubce.com"
2017-07-29 11:37:47.255 WARN  (main) [   ] o.a.c.h.HttpMethodBase Cookie rejected: "$Version="1"; BAIDUID="1010ADD02EEA958E02F9885FFF9859EF:FG=1"; $Path="/"; $Domain=".baidu.com"". Illegal domain attribute ".baidu.com". Domain of origin: "aip.baidubce.com"
2017-07-29 11:37:47.383 WARN  (main) [   ] o.a.c.h.HttpMethodBase Cookie rejected: "$Version="1"; BAIDUID="D14C8007EEA6F2E0CFBE36378F6B7839:FG=1"; $Path="/"; $Domain=".baidu.com"". Illegal domain attribute ".baidu.com". Domain of origin: "aip.baidubce.com"
2017-07-29 11:37:47.384 WARN  (main) [   ] o.a.c.h.HttpMethodBase Cookie rejected: "$Version="1"; BAIDUID="D98FF43A77AD134D26CA033D79A6CDC9:FG=1"; $Path="/"; $Domain=".baidu.com"". Illegal domain attribute ".baidu.com". Domain of origin: "aip.baidubce.com"
2017-07-29 11:37:47.482 WARN  (main) [   ] o.a.c.h.HttpMethodBase Cookie rejected: "$Version="1"; BAIDUID="D14C8007EEA6F2E07D0426B07845613E:FG=1"; $Path="/"; $Domain=".baidu.com"". Illegal domain attribute ".baidu.com". Domain of origin: "aip.baidubce.com"
2017-07-29 11:37:47.484 WARN  (main) [   ] o.a.c.h.HttpMethodBase Cookie rejected: "$Version="1"; BAIDUID="4F58CE7F364DAAB37E12F5E772D015EE:FG=1"; $Path="/"; $Domain=".baidu.com"". Illegal domain attribute ".baidu.com". Domain of origin: "aip.baidubce.com"
2017-07-29 11:37:47.779 WARN  (main) [   ] o.a.c.h.HttpMethodBase Cookie rejected: "$Version="1"; BAIDUID="D14C8007EEA6F2E07A7562FB9FECB3E3:FG=1"; $Path="/"; $Domain=".baidu.com"". Illegal domain attribute ".baidu.com". Domain of origin: "aip.baidubce.com"
2017-07-29 11:37:47.780 WARN  (main) [   ] o.a.c.h.HttpMethodBase Cookie rejected: "$Version="1"; BAIDUID="2965199AC32074320207855F56B4836A:FG=1"; $Path="/"; $Domain=".baidu.com"". Illegal domain attribute ".baidu.com". Domain of origin: "aip.baidubce.com"
2017-07-29 11:37:47.868 WARN  (main) [   ] o.a.c.h.HttpMethodBase Cookie rejected: "$Version="1"; BAIDUID="D14C8007EEA6F2E05D4A857EEE679073:FG=1"; $Path="/"; $Domain=".baidu.com"". Illegal domain attribute ".baidu.com". Domain of origin: "aip.baidubce.com"
2017-07-29 11:37:47.869 WARN  (main) [   ] o.a.c.h.HttpMethodBase Cookie rejected: "$Version="1"; BAIDUID="216E337623D66864DD5F401B9E2EAFC5:FG=1"; $Path="/"; $Domain=".baidu.com"". Illegal domain attribute ".baidu.com". Domain of origin: "aip.baidubce.com"
2017-07-29 11:37:47.918 WARN  (main) [   ] o.a.c.h.HttpMethodBase Cookie rejected: "$Version="1"; BAIDUID="D14C8007EEA6F2E05C94D45E88672A5F:FG=1"; $Path="/"; $Domain=".baidu.com"". Illegal domain attribute ".baidu.com". Domain of origin: "aip.baidubce.com"
2017-07-29 11:37:47.919 WARN  (main) [   ] o.a.c.h.HttpMethodBase Cookie rejected: "$Version="1"; BAIDUID="772355EFC40C3E0A2EE65BBDA291E61B:FG=1"; $Path="/"; $Domain=".baidu.com"". Illegal domain attribute ".baidu.com". Domain of origin: "aip.baidubce.com"
2017-07-29 11:42:56.349 WARN  (main) [   ] o.a.h.c.p.ResponseProcessCookies Cookie rejected [BAIDUID="23866EE027EA402775821B56684D9DD4:FG=1", version:0, domain:baidu.com, path:/, expiry:Fri Jan 01 07:55:55 CST 2038] Illegal 'domain' attribute "baidu.com". Domain of origin: "aip.baidubce.com"
2017-07-29 11:42:56.825 WARN  (main) [   ] o.a.c.h.HttpMethodBase Cookie rejected: "$Version="1"; BAIDUID="9AAFB440F7D3764B4F236B6BA4D79369:FG=1"; $Path="/"; $Domain=".baidu.com"". Illegal domain attribute ".baidu.com". Domain of origin: "aip.baidubce.com"
2017-07-29 11:42:56.826 WARN  (main) [   ] o.a.c.h.HttpMethodBase Cookie rejected: "$Version="1"; BAIDUID="84C9426F2997CF7E3CAB147C1E8F7291:FG=1"; $Path="/"; $Domain=".baidu.com"". Illegal domain attribute ".baidu.com". Domain of origin: "aip.baidubce.com"
2017-07-29 11:42:57.122 WARN  (main) [   ] o.a.c.h.HttpMethodBase Cookie rejected: "$Version="1"; BAIDUID="9AAFB440F7D3764B7191BF47D8F12DF0:FG=1"; $Path="/"; $Domain=".baidu.com"". Illegal domain attribute ".baidu.com". Domain of origin: "aip.baidubce.com"
2017-07-29 11:42:57.123 WARN  (main) [   ] o.a.c.h.HttpMethodBase Cookie rejected: "$Version="1"; BAIDUID="E9335D2A2B741B198F7A6E6460A4C915:FG=1"; $Path="/"; $Domain=".baidu.com"". Illegal domain attribute ".baidu.com". Domain of origin: "aip.baidubce.com"
2017-07-29 11:42:57.220 WARN  (main) [   ] o.a.c.h.HttpMethodBase Cookie rejected: "$Version="1"; BAIDUID="4C9C287857A550F39F592444D08EBEC1:FG=1"; $Path="/"; $Domain=".baidu.com"". Illegal domain attribute ".baidu.com". Domain of origin: "aip.baidubce.com"
2017-07-29 11:42:57.222 WARN  (main) [   ] o.a.c.h.HttpMethodBase Cookie rejected: "$Version="1"; BAIDUID="47DA30550F1C2D6C41F0A34D4BDB2711:FG=1"; $Path="/"; $Domain=".baidu.com"". Illegal domain attribute ".baidu.com". Domain of origin: "aip.baidubce.com"
2017-07-29 11:42:57.347 WARN  (main) [   ] o.a.c.h.HttpMethodBase Cookie rejected: "$Version="1"; BAIDUID="4C9C287857A550F318D7AE6EE53FA041:FG=1"; $Path="/"; $Domain=".baidu.com"". Illegal domain attribute ".baidu.com". Domain of origin: "aip.baidubce.com"
2017-07-29 11:42:57.348 WARN  (main) [   ] o.a.c.h.HttpMethodBase Cookie rejected: "$Version="1"; BAIDUID="41078FBAA4A958310CE4476FD3389D6B:FG=1"; $Path="/"; $Domain=".baidu.com"". Illegal domain attribute ".baidu.com". Domain of origin: "aip.baidubce.com"
2017-07-29 11:42:57.647 WARN  (main) [   ] o.a.c.h.HttpMethodBase Cookie rejected: "$Version="1"; BAIDUID="4C9C287857A550F30F5D6D6084A4BB07:FG=1"; $Path="/"; $Domain=".baidu.com"". Illegal domain attribute ".baidu.com". Domain of origin: "aip.baidubce.com"
2017-07-29 11:42:57.648 WARN  (main) [   ] o.a.c.h.HttpMethodBase Cookie rejected: "$Version="1"; BAIDUID="03CC7851CCD52F14D29E23987487848E:FG=1"; $Path="/"; $Domain=".baidu.com"". Illegal domain attribute ".baidu.com". Domain of origin: "aip.baidubce.com"
2017-07-29 11:42:57.771 WARN  (main) [   ] o.a.c.h.HttpMethodBase Cookie rejected: "$Version="1"; BAIDUID="4C9C287857A550F36515C75D71A54B48:FG=1"; $Path="/"; $Domain=".baidu.com"". Illegal domain attribute ".baidu.com". Domain of origin: "aip.baidubce.com"
2017-07-29 11:42:57.772 WARN  (main) [   ] o.a.c.h.HttpMethodBase Cookie rejected: "$Version="1"; BAIDUID="BA308C32FB7572555E0C53FF65B5E80F:FG=1"; $Path="/"; $Domain=".baidu.com"". Illegal domain attribute ".baidu.com". Domain of origin: "aip.baidubce.com"
2017-07-29 11:42:57.872 WARN  (main) [   ] o.a.c.h.HttpMethodBase Cookie rejected: "$Version="1"; BAIDUID="4C9C287857A550F3CC6B60558D4CD53F:FG=1"; $Path="/"; $Domain=".baidu.com"". Illegal domain attribute ".baidu.com". Domain of origin: "aip.baidubce.com"
2017-07-29 11:42:57.874 WARN  (main) [   ] o.a.c.h.HttpMethodBase Cookie rejected: "$Version="1"; BAIDUID="EDB9B57600B19EC4D93874758C57EFCF:FG=1"; $Path="/"; $Domain=".baidu.com"". Illegal domain attribute ".baidu.com". Domain of origin: "aip.baidubce.com"
2017-07-29 11:42:57.924 WARN  (main) [   ] o.a.c.h.HttpMethodBase Cookie rejected: "$Version="1"; BAIDUID="4C9C287857A550F3E577FDD1801466EF:FG=1"; $Path="/"; $Domain=".baidu.com"". Illegal domain attribute ".baidu.com". Domain of origin: "aip.baidubce.com"
2017-07-29 11:42:57.925 WARN  (main) [   ] o.a.c.h.HttpMethodBase Cookie rejected: "$Version="1"; BAIDUID="BFDEC639968D14711EACB59E75A2C29F:FG=1"; $Path="/"; $Domain=".baidu.com"". Illegal domain attribute ".baidu.com". Domain of origin: "aip.baidubce.com"
2017-07-29 11:42:58.171 WARN  (main) [   ] o.a.c.h.HttpMethodBase Cookie rejected: "$Version="1"; BAIDUID="4C9C287857A550F306806E519EBCD103:FG=1"; $Path="/"; $Domain=".baidu.com"". Illegal domain attribute ".baidu.com". Domain of origin: "aip.baidubce.com"
2017-07-29 11:42:58.172 WARN  (main) [   ] o.a.c.h.HttpMethodBase Cookie rejected: "$Version="1"; BAIDUID="3EA5AE05A1A6102D26F7D9D62E95861A:FG=1"; $Path="/"; $Domain=".baidu.com"". Illegal domain attribute ".baidu.com". Domain of origin: "aip.baidubce.com"
2017-07-29 11:42:58.247 WARN  (main) [   ] o.a.c.h.HttpMethodBase Cookie rejected: "$Version="1"; BAIDUID="5A556D77CF3245A6195A5902769639AF:FG=1"; $Path="/"; $Domain=".baidu.com"". Illegal domain attribute ".baidu.com". Domain of origin: "aip.baidubce.com"
2017-07-29 11:42:58.249 WARN  (main) [   ] o.a.c.h.HttpMethodBase Cookie rejected: "$Version="1"; BAIDUID="5386B665769CEE6EF45DC683E26CBE81:FG=1"; $Path="/"; $Domain=".baidu.com"". Illegal domain attribute ".baidu.com". Domain of origin: "aip.baidubce.com"
2017-07-29 11:42:58.331 WARN  (main) [   ] o.a.c.h.HttpMethodBase Cookie rejected: "$Version="1"; BAIDUID="5A556D77CF3245A67529917B0EFBC281:FG=1"; $Path="/"; $Domain=".baidu.com"". Illegal domain attribute ".baidu.com". Domain of origin: "aip.baidubce.com"
2017-07-29 11:42:58.332 WARN  (main) [   ] o.a.c.h.HttpMethodBase Cookie rejected: "$Version="1"; BAIDUID="B4052010B2D71648DAF2ACC4C0E15AC1:FG=1"; $Path="/"; $Domain=".baidu.com"". Illegal domain attribute ".baidu.com". Domain of origin: "aip.baidubce.com"
2017-07-29 11:42:58.433 WARN  (main) [   ] o.a.c.h.HttpMethodBase Cookie rejected: "$Version="1"; BAIDUID="5A556D77CF3245A65E929440F103EEBD:FG=1"; $Path="/"; $Domain=".baidu.com"". Illegal domain attribute ".baidu.com". Domain of origin: "aip.baidubce.com"
2017-07-29 11:42:58.434 WARN  (main) [   ] o.a.c.h.HttpMethodBase Cookie rejected: "$Version="1"; BAIDUID="79281A5B13907272FFBD749CEFF26E78:FG=1"; $Path="/"; $Domain=".baidu.com"". Illegal domain attribute ".baidu.com". Domain of origin: "aip.baidubce.com"
2017-07-29 11:44:33.843 WARN  (main) [   ] o.a.h.c.p.ResponseProcessCookies Cookie rejected [BAIDUID="D8C7C1033A2F17250841DCB224E5A116:FG=1", version:0, domain:baidu.com, path:/, expiry:Fri Jan 01 07:55:55 CST 2038] Illegal 'domain' attribute "baidu.com". Domain of origin: "aip.baidubce.com"
2017-07-29 11:44:34.298 WARN  (main) [   ] o.a.c.h.HttpMethodBase Cookie rejected: "$Version="1"; BAIDUID="F0B24AA22E9AB8EBD5FF60CDC4B759F0:FG=1"; $Path="/"; $Domain=".baidu.com"". Illegal domain attribute ".baidu.com". Domain of origin: "aip.baidubce.com"
2017-07-29 11:44:34.299 WARN  (main) [   ] o.a.c.h.HttpMethodBase Cookie rejected: "$Version="1"; BAIDUID="AE06EE260A9B70F6859566D1C67436EB:FG=1"; $Path="/"; $Domain=".baidu.com"". Illegal domain attribute ".baidu.com". Domain of origin: "aip.baidubce.com"
2017-07-29 11:44:34.391 WARN  (main) [   ] o.a.c.h.HttpMethodBase Cookie rejected: "$Version="1"; BAIDUID="F0B24AA22E9AB8EBCAAF412659624ED1:FG=1"; $Path="/"; $Domain=".baidu.com"". Illegal domain attribute ".baidu.com". Domain of origin: "aip.baidubce.com"
2017-07-29 11:44:34.392 WARN  (main) [   ] o.a.c.h.HttpMethodBase Cookie rejected: "$Version="1"; BAIDUID="1834732E0D0B9BDF0DD7942B3F0350C9:FG=1"; $Path="/"; $Domain=".baidu.com"". Illegal domain attribute ".baidu.com". Domain of origin: "aip.baidubce.com"
2017-07-29 11:44:34.644 WARN  (main) [   ] o.a.c.h.HttpMethodBase Cookie rejected: "$Version="1"; BAIDUID="F0B24AA22E9AB8EB201DF7A8A9A492ED:FG=1"; $Path="/"; $Domain=".baidu.com"". Illegal domain attribute ".baidu.com". Domain of origin: "aip.baidubce.com"
2017-07-29 11:44:34.645 WARN  (main) [   ] o.a.c.h.HttpMethodBase Cookie rejected: "$Version="1"; BAIDUID="E78927CB62164BC635F02E51EE5B458E:FG=1"; $Path="/"; $Domain=".baidu.com"". Illegal domain attribute ".baidu.com". Domain of origin: "aip.baidubce.com"
2017-07-29 11:44:34.756 WARN  (main) [   ] o.a.c.h.HttpMethodBase Cookie rejected: "$Version="1"; BAIDUID="F0B24AA22E9AB8EB54B71555C055EAD0:FG=1"; $Path="/"; $Domain=".baidu.com"". Illegal domain attribute ".baidu.com". Domain of origin: "aip.baidubce.com"
2017-07-29 11:44:34.759 WARN  (main) [   ] o.a.c.h.HttpMethodBase Cookie rejected: "$Version="1"; BAIDUID="69A466F05F2DF5750ACD54F70F87EBBD:FG=1"; $Path="/"; $Domain=".baidu.com"". Illegal domain attribute ".baidu.com". Domain of origin: "aip.baidubce.com"
2017-07-29 11:44:34.871 WARN  (main) [   ] o.a.c.h.HttpMethodBase Cookie rejected: "$Version="1"; BAIDUID="F0B24AA22E9AB8EBB70EFF6EE304C6F5:FG=1"; $Path="/"; $Domain=".baidu.com"". Illegal domain attribute ".baidu.com". Domain of origin: "aip.baidubce.com"
2017-07-29 11:44:34.873 WARN  (main) [   ] o.a.c.h.HttpMethodBase Cookie rejected: "$Version="1"; BAIDUID="5EF6E201FBF30F8856BF7A595B9359B7:FG=1"; $Path="/"; $Domain=".baidu.com"". Illegal domain attribute ".baidu.com". Domain of origin: "aip.baidubce.com"
2017-07-29 11:44:34.929 WARN  (main) [   ] o.a.c.h.HttpMethodBase Cookie rejected: "$Version="1"; BAIDUID="F0B24AA22E9AB8EBCBBDC6A42882EFE6:FG=1"; $Path="/"; $Domain=".baidu.com"". Illegal domain attribute ".baidu.com". Domain of origin: "aip.baidubce.com"
2017-07-29 11:44:34.930 WARN  (main) [   ] o.a.c.h.HttpMethodBase Cookie rejected: "$Version="1"; BAIDUID="76C3B30E563616FD2E5D2A927CF312BF:FG=1"; $Path="/"; $Domain=".baidu.com"". Illegal domain attribute ".baidu.com". Domain of origin: "aip.baidubce.com"
2017-07-29 11:44:35.275 WARN  (main) [   ] o.a.c.h.HttpMethodBase Cookie rejected: "$Version="1"; BAIDUID="D06160EE4BC368969BD4D660E4671BA9:FG=1"; $Path="/"; $Domain=".baidu.com"". Illegal domain attribute ".baidu.com". Domain of origin: "aip.baidubce.com"
2017-07-29 11:44:35.277 WARN  (main) [   ] o.a.c.h.HttpMethodBase Cookie rejected: "$Version="1"; BAIDUID="0843F911BC3C3DC36BBA53418895126F:FG=1"; $Path="/"; $Domain=".baidu.com"". Illegal domain attribute ".baidu.com". Domain of origin: "aip.baidubce.com"
2017-07-29 11:44:35.393 WARN  (main) [   ] o.a.c.h.HttpMethodBase Cookie rejected: "$Version="1"; BAIDUID="D06160EE4BC36896C44C8BEA36008BE5:FG=1"; $Path="/"; $Domain=".baidu.com"". Illegal domain attribute ".baidu.com". Domain of origin: "aip.baidubce.com"
2017-07-29 11:44:35.395 WARN  (main) [   ] o.a.c.h.HttpMethodBase Cookie rejected: "$Version="1"; BAIDUID="82BD452B21D309C9B58FBA2714108267:FG=1"; $Path="/"; $Domain=".baidu.com"". Illegal domain attribute ".baidu.com". Domain of origin: "aip.baidubce.com"
2017-07-29 11:44:35.692 WARN  (main) [   ] o.a.c.h.HttpMethodBase Cookie rejected: "$Version="1"; BAIDUID="D06160EE4BC3689680A1357670F74714:FG=1"; $Path="/"; $Domain=".baidu.com"". Illegal domain attribute ".baidu.com". Domain of origin: "aip.baidubce.com"
2017-07-29 11:44:35.693 WARN  (main) [   ] o.a.c.h.HttpMethodBase Cookie rejected: "$Version="1"; BAIDUID="7507D3730D476F7A31269A71C64A935F:FG=1"; $Path="/"; $Domain=".baidu.com"". Illegal domain attribute ".baidu.com". Domain of origin: "aip.baidubce.com"
2017-07-29 11:44:35.807 WARN  (main) [   ] o.a.c.h.HttpMethodBase Cookie rejected: "$Version="1"; BAIDUID="D06160EE4BC36896C621B3712ED9FA30:FG=1"; $Path="/"; $Domain=".baidu.com"". Illegal domain attribute ".baidu.com". Domain of origin: "aip.baidubce.com"
2017-07-29 11:44:35.808 WARN  (main) [   ] o.a.c.h.HttpMethodBase Cookie rejected: "$Version="1"; BAIDUID="945A4341082F4BBDCFEFE91B3C03A6D6:FG=1"; $Path="/"; $Domain=".baidu.com"". Illegal domain attribute ".baidu.com". Domain of origin: "aip.baidubce.com"
2017-07-29 11:44:35.902 WARN  (main) [   ] o.a.c.h.HttpMethodBase Cookie rejected: "$Version="1"; BAIDUID="D06160EE4BC368966DACDBBC30C220BA:FG=1"; $Path="/"; $Domain=".baidu.com"". Illegal domain attribute ".baidu.com". Domain of origin: "aip.baidubce.com"
2017-07-29 11:44:35.903 WARN  (main) [   ] o.a.c.h.HttpMethodBase Cookie rejected: "$Version="1"; BAIDUID="C0E43BD6E3ED11ED1B3791AEC77D243D:FG=1"; $Path="/"; $Domain=".baidu.com"". Illegal domain attribute ".baidu.com". Domain of origin: "aip.baidubce.com"
2017-07-29 11:44:35.955 WARN  (main) [   ] o.a.c.h.HttpMethodBase Cookie rejected: "$Version="1"; BAIDUID="D06160EE4BC368961914AFAF9D2FA624:FG=1"; $Path="/"; $Domain=".baidu.com"". Illegal domain attribute ".baidu.com". Domain of origin: "aip.baidubce.com"
2017-07-29 11:44:35.956 WARN  (main) [   ] o.a.c.h.HttpMethodBase Cookie rejected: "$Version="1"; BAIDUID="6F8CC8E75B0A5BB0EE4FBD99A609D86B:FG=1"; $Path="/"; $Domain=".baidu.com"". Illegal domain attribute ".baidu.com". Domain of origin: "aip.baidubce.com"
2017-08-01 00:58:13.600 WARN  (main) [   ] o.a.h.c.p.ResponseProcessCookies Cookie rejected [BAIDUID="AF2FB45CF70D29A2DF2E8438D142EF8E:FG=1", version:0, domain:baidu.com, path:/, expiry:Fri Jan 01 07:55:55 CST 2038] Illegal 'domain' attribute "baidu.com". Domain of origin: "aip.baidubce.com"
2017-08-01 00:58:14.481 WARN  (main) [   ] o.a.c.h.HttpMethodBase Cookie rejected: "$Version="1"; BAIDUID="8A4C11BF46A93922E3CD6F673C6851E8:FG=1"; $Path="/"; $Domain=".baidu.com"". Illegal domain attribute ".baidu.com". Domain of origin: "aip.baidubce.com"
2017-08-01 00:58:14.482 WARN  (main) [   ] o.a.c.h.HttpMethodBase Cookie rejected: "$Version="1"; BAIDUID="D9B513466BE56901F768EE1A76C2575E:FG=1"; $Path="/"; $Domain=".baidu.com"". Illegal domain attribute ".baidu.com". Domain of origin: "aip.baidubce.com"
2017-08-01 00:58:14.580 WARN  (main) [   ] o.a.c.h.HttpMethodBase Cookie rejected: "$Version="1"; BAIDUID="8A4C11BF46A93922CD21C9D46CCA72DB:FG=1"; $Path="/"; $Domain=".baidu.com"". Illegal domain attribute ".baidu.com". Domain of origin: "aip.baidubce.com"
2017-08-01 00:58:14.581 WARN  (main) [   ] o.a.c.h.HttpMethodBase Cookie rejected: "$Version="1"; BAIDUID="3ADC9B58E1E2FE75BD2B93B6734969CD:FG=1"; $Path="/"; $Domain=".baidu.com"". Illegal domain attribute ".baidu.com". Domain of origin: "aip.baidubce.com"
2017-08-01 00:58:14.760 WARN  (main) [   ] o.a.c.h.HttpMethodBase Cookie rejected: "$Version="1"; BAIDUID="8A4C11BF46A93922AFC6C6927B32C62B:FG=1"; $Path="/"; $Domain=".baidu.com"". Illegal domain attribute ".baidu.com". Domain of origin: "aip.baidubce.com"
2017-08-01 00:58:14.763 WARN  (main) [   ] o.a.c.h.HttpMethodBase Cookie rejected: "$Version="1"; BAIDUID="8947F2B3CBABFDD6A55D0942498C3FB6:FG=1"; $Path="/"; $Domain=".baidu.com"". Illegal domain attribute ".baidu.com". Domain of origin: "aip.baidubce.com"
2017-08-01 00:58:14.920 WARN  (main) [   ] o.a.c.h.HttpMethodBase Cookie rejected: "$Version="1"; BAIDUID="8A4C11BF46A93922270C1297A719D0E9:FG=1"; $Path="/"; $Domain=".baidu.com"". Illegal domain attribute ".baidu.com". Domain of origin: "aip.baidubce.com"
2017-08-01 00:58:14.922 WARN  (main) [   ] o.a.c.h.HttpMethodBase Cookie rejected: "$Version="1"; BAIDUID="67C66C0005C90F319B289D3B3D318519:FG=1"; $Path="/"; $Domain=".baidu.com"". Illegal domain attribute ".baidu.com". Domain of origin: "aip.baidubce.com"
2017-08-01 00:58:15.074 WARN  (main) [   ] o.a.c.h.HttpMethodBase Cookie rejected: "$Version="1"; BAIDUID="85AA11E432FD6168868E58781BD4DBD7:FG=1"; $Path="/"; $Domain=".baidu.com"". Illegal domain attribute ".baidu.com". Domain of origin: "aip.baidubce.com"
2017-08-01 00:58:15.076 WARN  (main) [   ] o.a.c.h.HttpMethodBase Cookie rejected: "$Version="1"; BAIDUID="7A639C50A37A42DADBCD389D6DA10172:FG=1"; $Path="/"; $Domain=".baidu.com"". Illegal domain attribute ".baidu.com". Domain of origin: "aip.baidubce.com"
2017-08-01 00:58:15.181 WARN  (main) [   ] o.a.c.h.HttpMethodBase Cookie rejected: "$Version="1"; BAIDUID="85AA11E432FD616809C1455E605C61AB:FG=1"; $Path="/"; $Domain=".baidu.com"". Illegal domain attribute ".baidu.com". Domain of origin: "aip.baidubce.com"
2017-08-01 00:58:15.183 WARN  (main) [   ] o.a.c.h.HttpMethodBase Cookie rejected: "$Version="1"; BAIDUID="FF4723D75F99A1C126A8A09809FB9736:FG=1"; $Path="/"; $Domain=".baidu.com"". Illegal domain attribute ".baidu.com". Domain of origin: "aip.baidubce.com"
2017-08-01 00:58:15.279 WARN  (main) [   ] o.a.c.h.HttpMethodBase Cookie rejected: "$Version="1"; BAIDUID="85AA11E432FD61686BA0440437B6C945:FG=1"; $Path="/"; $Domain=".baidu.com"". Illegal domain attribute ".baidu.com". Domain of origin: "aip.baidubce.com"
2017-08-01 00:58:15.281 WARN  (main) [   ] o.a.c.h.HttpMethodBase Cookie rejected: "$Version="1"; BAIDUID="E89EBA93EC3882444F3E9E2F73C30724:FG=1"; $Path="/"; $Domain=".baidu.com"". Illegal domain attribute ".baidu.com". Domain of origin: "aip.baidubce.com"
2017-08-01 00:58:15.366 WARN  (main) [   ] o.a.c.h.HttpMethodBase Cookie rejected: "$Version="1"; BAIDUID="85AA11E432FD6168B13A6E806ADB299A:FG=1"; $Path="/"; $Domain=".baidu.com"". Illegal domain attribute ".baidu.com". Domain of origin: "aip.baidubce.com"
2017-08-01 00:58:15.367 WARN  (main) [   ] o.a.c.h.HttpMethodBase Cookie rejected: "$Version="1"; BAIDUID="5938167B48984C63E0D9B56CCBCE1B66:FG=1"; $Path="/"; $Domain=".baidu.com"". Illegal domain attribute ".baidu.com". Domain of origin: "aip.baidubce.com"
2017-08-01 00:58:15.468 WARN  (main) [   ] o.a.c.h.HttpMethodBase Cookie rejected: "$Version="1"; BAIDUID="85AA11E432FD616821866341B7563F63:FG=1"; $Path="/"; $Domain=".baidu.com"". Illegal domain attribute ".baidu.com". Domain of origin: "aip.baidubce.com"
2017-08-01 00:58:15.470 WARN  (main) [   ] o.a.c.h.HttpMethodBase Cookie rejected: "$Version="1"; BAIDUID="A0EDABB8C85F40A285065DADA8B29D38:FG=1"; $Path="/"; $Domain=".baidu.com"". Illegal domain attribute ".baidu.com". Domain of origin: "aip.baidubce.com"
2017-08-01 00:58:15.517 WARN  (main) [   ] o.a.c.h.HttpMethodBase Cookie rejected: "$Version="1"; BAIDUID="85AA11E432FD61686655C0DFC5575B1E:FG=1"; $Path="/"; $Domain=".baidu.com"". Illegal domain attribute ".baidu.com". Domain of origin: "aip.baidubce.com"
2017-08-01 00:58:15.518 WARN  (main) [   ] o.a.c.h.HttpMethodBase Cookie rejected: "$Version="1"; BAIDUID="0021F15EC7086E17689784703F19821D:FG=1"; $Path="/"; $Domain=".baidu.com"". Illegal domain attribute ".baidu.com". Domain of origin: "aip.baidubce.com"
2017-08-01 00:58:15.562 WARN  (main) [   ] o.a.c.h.HttpMethodBase Cookie rejected: "$Version="1"; BAIDUID="85AA11E432FD61689EB660AC1490FD3D:FG=1"; $Path="/"; $Domain=".baidu.com"". Illegal domain attribute ".baidu.com". Domain of origin: "aip.baidubce.com"
2017-08-01 00:58:15.563 WARN  (main) [   ] o.a.c.h.HttpMethodBase Cookie rejected: "$Version="1"; BAIDUID="F3C8497EC67E728B01E3AEDA0D9A4425:FG=1"; $Path="/"; $Domain=".baidu.com"". Illegal domain attribute ".baidu.com". Domain of origin: "aip.baidubce.com"
2017-08-01 00:58:15.605 WARN  (main) [   ] o.a.c.h.HttpMethodBase Cookie rejected: "$Version="1"; BAIDUID="85AA11E432FD6168A9B0FA8A0B7CE0D9:FG=1"; $Path="/"; $Domain=".baidu.com"". Illegal domain attribute ".baidu.com". Domain of origin: "aip.baidubce.com"
2017-08-01 00:58:15.606 WARN  (main) [   ] o.a.c.h.HttpMethodBase Cookie rejected: "$Version="1"; BAIDUID="F21103140C2F7C3A83259B6BD96F1CC1:FG=1"; $Path="/"; $Domain=".baidu.com"". Illegal domain attribute ".baidu.com". Domain of origin: "aip.baidubce.com"
2017-08-01 02:05:07.788 WARN  (main) [   ] o.a.h.c.p.ResponseProcessCookies Cookie rejected [BAIDUID="230758A1E9395D4A6D5E83501AA54548:FG=1", version:0, domain:baidu.com, path:/, expiry:Fri Jan 01 07:55:55 CST 2038] Illegal 'domain' attribute "baidu.com". Domain of origin: "aip.baidubce.com"
2017-08-01 02:05:11.152 WARN  (main) [   ] o.a.c.h.HttpMethodBase Cookie rejected: "$Version="1"; BAIDUID="E1E4D2F9BCD060D2E7A4745B2FBFB664:FG=1"; $Path="/"; $Domain=".baidu.com"". Illegal domain attribute ".baidu.com". Domain of origin: "aip.baidubce.com"
2017-08-01 02:05:11.154 WARN  (main) [   ] o.a.c.h.HttpMethodBase Cookie rejected: "$Version="1"; BAIDUID="5EBEFD385AAC9AF0D8C6B4847307CE2D:FG=1"; $Path="/"; $Domain=".baidu.com"". Illegal domain attribute ".baidu.com". Domain of origin: "aip.baidubce.com"
2017-08-01 02:05:11.284 WARN  (main) [   ] o.a.c.h.HttpMethodBase Cookie rejected: "$Version="1"; BAIDUID="E1E4D2F9BCD060D29B1C6ACA28430297:FG=1"; $Path="/"; $Domain=".baidu.com"". Illegal domain attribute ".baidu.com". Domain of origin: "aip.baidubce.com"
2017-08-01 02:05:11.286 WARN  (main) [   ] o.a.c.h.HttpMethodBase Cookie rejected: "$Version="1"; BAIDUID="71ED5770A0D95802D841EC196EB6010B:FG=1"; $Path="/"; $Domain=".baidu.com"". Illegal domain attribute ".baidu.com". Domain of origin: "aip.baidubce.com"
2017-08-01 02:05:11.394 WARN  (main) [   ] o.a.c.h.HttpMethodBase Cookie rejected: "$Version="1"; BAIDUID="E1E4D2F9BCD060D28F9FDDF818999140:FG=1"; $Path="/"; $Domain=".baidu.com"". Illegal domain attribute ".baidu.com". Domain of origin: "aip.baidubce.com"
2017-08-01 02:05:11.396 WARN  (main) [   ] o.a.c.h.HttpMethodBase Cookie rejected: "$Version="1"; BAIDUID="B40638D9C342DB3693217857DDECE82A:FG=1"; $Path="/"; $Domain=".baidu.com"". Illegal domain attribute ".baidu.com". Domain of origin: "aip.baidubce.com"
2017-08-01 02:05:11.504 WARN  (main) [   ] o.a.c.h.HttpMethodBase Cookie rejected: "$Version="1"; BAIDUID="E1E4D2F9BCD060D2135EE59349F1E188:FG=1"; $Path="/"; $Domain=".baidu.com"". Illegal domain attribute ".baidu.com". Domain of origin: "aip.baidubce.com"
2017-08-01 02:05:11.506 WARN  (main) [   ] o.a.c.h.HttpMethodBase Cookie rejected: "$Version="1"; BAIDUID="E00BFD2D24D5B14DD370FB30D89D2FF7:FG=1"; $Path="/"; $Domain=".baidu.com"". Illegal domain attribute ".baidu.com". Domain of origin: "aip.baidubce.com"
2017-08-01 02:05:11.609 WARN  (main) [   ] o.a.c.h.HttpMethodBase Cookie rejected: "$Version="1"; BAIDUID="E1E4D2F9BCD060D2C818C8AA6FE09445:FG=1"; $Path="/"; $Domain=".baidu.com"". Illegal domain attribute ".baidu.com". Domain of origin: "aip.baidubce.com"
2017-08-01 02:05:11.611 WARN  (main) [   ] o.a.c.h.HttpMethodBase Cookie rejected: "$Version="1"; BAIDUID="3F956CCE793142D9F052283756A2405E:FG=1"; $Path="/"; $Domain=".baidu.com"". Illegal domain attribute ".baidu.com". Domain of origin: "aip.baidubce.com"
2017-08-01 02:05:11.672 WARN  (main) [   ] o.a.c.h.HttpMethodBase Cookie rejected: "$Version="1"; BAIDUID="E1E4D2F9BCD060D2DF72A4CDF89D4C0E:FG=1"; $Path="/"; $Domain=".baidu.com"". Illegal domain attribute ".baidu.com". Domain of origin: "aip.baidubce.com"
2017-08-01 02:05:11.674 WARN  (main) [   ] o.a.c.h.HttpMethodBase Cookie rejected: "$Version="1"; BAIDUID="A476E2B70F54F58F08B500F4000999B7:FG=1"; $Path="/"; $Domain=".baidu.com"". Illegal domain attribute ".baidu.com". Domain of origin: "aip.baidubce.com"
2017-08-01 02:05:11.744 WARN  (main) [   ] o.a.c.h.HttpMethodBase Cookie rejected: "$Version="1"; BAIDUID="E1E4D2F9BCD060D22BE5CF95091CF1D8:FG=1"; $Path="/"; $Domain=".baidu.com"". Illegal domain attribute ".baidu.com". Domain of origin: "aip.baidubce.com"
2017-08-01 02:05:11.745 WARN  (main) [   ] o.a.c.h.HttpMethodBase Cookie rejected: "$Version="1"; BAIDUID="09240E1848E85FAD700F19CFA6D430BB:FG=1"; $Path="/"; $Domain=".baidu.com"". Illegal domain attribute ".baidu.com". Domain of origin: "aip.baidubce.com"
2017-08-01 02:05:11.819 WARN  (main) [   ] o.a.c.h.HttpMethodBase Cookie rejected: "$Version="1"; BAIDUID="E1E4D2F9BCD060D20CA07AC7BD669608:FG=1"; $Path="/"; $Domain=".baidu.com"". Illegal domain attribute ".baidu.com". Domain of origin: "aip.baidubce.com"
2017-08-01 02:05:11.820 WARN  (main) [   ] o.a.c.h.HttpMethodBase Cookie rejected: "$Version="1"; BAIDUID="E61B08E427FBACC46A8C5DD4BB1DD353:FG=1"; $Path="/"; $Domain=".baidu.com"". Illegal domain attribute ".baidu.com". Domain of origin: "aip.baidubce.com"
2017-08-01 02:05:11.866 WARN  (main) [   ] o.a.c.h.HttpMethodBase Cookie rejected: "$Version="1"; BAIDUID="E1E4D2F9BCD060D291F7EBD21A74CC98:FG=1"; $Path="/"; $Domain=".baidu.com"". Illegal domain attribute ".baidu.com". Domain of origin: "aip.baidubce.com"
2017-08-01 02:05:11.868 WARN  (main) [   ] o.a.c.h.HttpMethodBase Cookie rejected: "$Version="1"; BAIDUID="5B1A36E49B5BECB2661E2C40DA0C1295:FG=1"; $Path="/"; $Domain=".baidu.com"". Illegal domain attribute ".baidu.com". Domain of origin: "aip.baidubce.com"
2017-08-01 02:05:11.916 WARN  (main) [   ] o.a.c.h.HttpMethodBase Cookie rejected: "$Version="1"; BAIDUID="E1E4D2F9BCD060D28943430E7057AFA0:FG=1"; $Path="/"; $Domain=".baidu.com"". Illegal domain attribute ".baidu.com". Domain of origin: "aip.baidubce.com"
2017-08-01 02:05:11.918 WARN  (main) [   ] o.a.c.h.HttpMethodBase Cookie rejected: "$Version="1"; BAIDUID="5A524AF45E2705768FB8A7B54C5B8136:FG=1"; $Path="/"; $Domain=".baidu.com"". Illegal domain attribute ".baidu.com". Domain of origin: "aip.baidubce.com"
2017-08-01 02:05:11.987 WARN  (main) [   ] o.a.c.h.HttpMethodBase Cookie rejected: "$Version="1"; BAIDUID="E1E4D2F9BCD060D258FF3663BC63BF87:FG=1"; $Path="/"; $Domain=".baidu.com"". Illegal domain attribute ".baidu.com". Domain of origin: "aip.baidubce.com"
2017-08-01 02:05:11.989 WARN  (main) [   ] o.a.c.h.HttpMethodBase Cookie rejected: "$Version="1"; BAIDUID="ACAAE8508D1271A5E49ED14EB1548449:FG=1"; $Path="/"; $Domain=".baidu.com"". Illegal domain attribute ".baidu.com". Domain of origin: "aip.baidubce.com"
2017-08-01 02:05:12.096 WARN  (main) [   ] o.a.c.h.HttpMethodBase Cookie rejected: "$Version="1"; BAIDUID="89E081E8DEC059621230416FFECFC91F:FG=1"; $Path="/"; $Domain=".baidu.com"". Illegal domain attribute ".baidu.com". Domain of origin: "aip.baidubce.com"
2017-08-01 02:05:12.098 WARN  (main) [   ] o.a.c.h.HttpMethodBase Cookie rejected: "$Version="1"; BAIDUID="07A05E11EE157DDA960B3AA0D480199F:FG=1"; $Path="/"; $Domain=".baidu.com"". Illegal domain attribute ".baidu.com". Domain of origin: "aip.baidubce.com"
2017-08-12 17:53:49.207 WARN  (main) [   ] o.a.h.c.p.ResponseProcessCookies Cookie rejected [BAIDUID="CEA569CB15FE96022BE01B649E66B3D8:FG=1", version:0, domain:baidu.com, path:/, expiry:Fri Jan 01 07:55:55 CST 2038] Illegal 'domain' attribute "baidu.com". Domain of origin: "aip.baidubce.com"
2017-08-12 17:53:50.192 WARN  (main) [   ] o.a.c.h.HttpMethodBase Cookie rejected: "$Version="1"; BAIDUID="7C1190C007426449CD06E6B371AB37A6:FG=1"; $Path="/"; $Domain=".baidu.com"". Illegal domain attribute ".baidu.com". Domain of origin: "aip.baidubce.com"
2017-08-12 17:53:50.193 WARN  (main) [   ] o.a.c.h.HttpMethodBase Cookie rejected: "$Version="1"; BAIDUID="4B3545BBB0C4614B66768639C7C504EB:FG=1"; $Path="/"; $Domain=".baidu.com"". Illegal domain attribute ".baidu.com". Domain of origin: "aip.baidubce.com"
2017-08-12 17:53:50.288 WARN  (main) [   ] o.a.c.h.HttpMethodBase Cookie rejected: "$Version="1"; BAIDUID="7C1190C0074264497D03E50ED012F0E7:FG=1"; $Path="/"; $Domain=".baidu.com"". Illegal domain attribute ".baidu.com". Domain of origin: "aip.baidubce.com"
2017-08-12 17:53:50.289 WARN  (main) [   ] o.a.c.h.HttpMethodBase Cookie rejected: "$Version="1"; BAIDUID="8E6D96D7C72A914647AFAB62453D566B:FG=1"; $Path="/"; $Domain=".baidu.com"". Illegal domain attribute ".baidu.com". Domain of origin: "aip.baidubce.com"
2017-08-12 17:53:50.420 WARN  (main) [   ] o.a.c.h.HttpMethodBase Cookie rejected: "$Version="1"; BAIDUID="7C1190C00742644939E077F3FB314F42:FG=1"; $Path="/"; $Domain=".baidu.com"". Illegal domain attribute ".baidu.com". Domain of origin: "aip.baidubce.com"
2017-08-12 17:53:50.421 WARN  (main) [   ] o.a.c.h.HttpMethodBase Cookie rejected: "$Version="1"; BAIDUID="582ADD308EAE8490F0B064D7CC190E10:FG=1"; $Path="/"; $Domain=".baidu.com"". Illegal domain attribute ".baidu.com". Domain of origin: "aip.baidubce.com"
2017-08-12 17:53:50.570 WARN  (main) [   ] o.a.c.h.HttpMethodBase Cookie rejected: "$Version="1"; BAIDUID="7C1190C007426449E7B39DD27E18543C:FG=1"; $Path="/"; $Domain=".baidu.com"". Illegal domain attribute ".baidu.com". Domain of origin: "aip.baidubce.com"
2017-08-12 17:53:50.572 WARN  (main) [   ] o.a.c.h.HttpMethodBase Cookie rejected: "$Version="1"; BAIDUID="22A89453D5D5B71CF21D400A88E96AA2:FG=1"; $Path="/"; $Domain=".baidu.com"". Illegal domain attribute ".baidu.com". Domain of origin: "aip.baidubce.com"
2017-08-12 17:53:50.675 WARN  (main) [   ] o.a.c.h.HttpMethodBase Cookie rejected: "$Version="1"; BAIDUID="7C1190C0074264490C1AB6CD002A6DD9:FG=1"; $Path="/"; $Domain=".baidu.com"". Illegal domain attribute ".baidu.com". Domain of origin: "aip.baidubce.com"
2017-08-12 17:53:50.677 WARN  (main) [   ] o.a.c.h.HttpMethodBase Cookie rejected: "$Version="1"; BAIDUID="757C33D42710EA5ACD671A3D84DB592E:FG=1"; $Path="/"; $Domain=".baidu.com"". Illegal domain attribute ".baidu.com". Domain of origin: "aip.baidubce.com"
2017-08-12 17:53:50.767 WARN  (main) [   ] o.a.c.h.HttpMethodBase Cookie rejected: "$Version="1"; BAIDUID="7C1190C00742644927706653A1306103:FG=1"; $Path="/"; $Domain=".baidu.com"". Illegal domain attribute ".baidu.com". Domain of origin: "aip.baidubce.com"
2017-08-12 17:53:50.768 WARN  (main) [   ] o.a.c.h.HttpMethodBase Cookie rejected: "$Version="1"; BAIDUID="EF41E431CBD67ECFFA9F8B633CD33A8F:FG=1"; $Path="/"; $Domain=".baidu.com"". Illegal domain attribute ".baidu.com". Domain of origin: "aip.baidubce.com"
2017-08-12 17:53:50.844 WARN  (main) [   ] o.a.c.h.HttpMethodBase Cookie rejected: "$Version="1"; BAIDUID="7C1190C0074264499C4447724E3C06FA:FG=1"; $Path="/"; $Domain=".baidu.com"". Illegal domain attribute ".baidu.com". Domain of origin: "aip.baidubce.com"
2017-08-12 17:53:50.846 WARN  (main) [   ] o.a.c.h.HttpMethodBase Cookie rejected: "$Version="1"; BAIDUID="BBBF36A1C0DDFCC177EE0792B411D8BD:FG=1"; $Path="/"; $Domain=".baidu.com"". Illegal domain attribute ".baidu.com". Domain of origin: "aip.baidubce.com"
2017-08-12 17:53:50.992 WARN  (main) [   ] o.a.c.h.HttpMethodBase Cookie rejected: "$Version="1"; BAIDUID="7C1190C007426449232D123411088321:FG=1"; $Path="/"; $Domain=".baidu.com"". Illegal domain attribute ".baidu.com". Domain of origin: "aip.baidubce.com"
2017-08-12 17:53:50.993 WARN  (main) [   ] o.a.c.h.HttpMethodBase Cookie rejected: "$Version="1"; BAIDUID="E06F25463759929918DD1D32A1273F3B:FG=1"; $Path="/"; $Domain=".baidu.com"". Illegal domain attribute ".baidu.com". Domain of origin: "aip.baidubce.com"
2017-08-12 17:53:51.130 WARN  (main) [   ] o.a.c.h.HttpMethodBase Cookie rejected: "$Version="1"; BAIDUID="7C1190C00742644999E1C58EF4E286F8:FG=1"; $Path="/"; $Domain=".baidu.com"". Illegal domain attribute ".baidu.com". Domain of origin: "aip.baidubce.com"
2017-08-12 17:53:51.132 WARN  (main) [   ] o.a.c.h.HttpMethodBase Cookie rejected: "$Version="1"; BAIDUID="72230F36BB58ECF695706842CBC7B453:FG=1"; $Path="/"; $Domain=".baidu.com"". Illegal domain attribute ".baidu.com". Domain of origin: "aip.baidubce.com"
2017-08-12 17:53:51.261 WARN  (main) [   ] o.a.c.h.HttpMethodBase Cookie rejected: "$Version="1"; BAIDUID="7C4203BB49463F1C00281B5ED0780A14:FG=1"; $Path="/"; $Domain=".baidu.com"". Illegal domain attribute ".baidu.com". Domain of origin: "aip.baidubce.com"
2017-08-12 17:53:51.262 WARN  (main) [   ] o.a.c.h.HttpMethodBase Cookie rejected: "$Version="1"; BAIDUID="0C8CCFEA728DE945EDF1EC9AFE9273C9:FG=1"; $Path="/"; $Domain=".baidu.com"". Illegal domain attribute ".baidu.com". Domain of origin: "aip.baidubce.com"
2017-08-12 17:53:51.378 WARN  (main) [   ] o.a.c.h.HttpMethodBase Cookie rejected: "$Version="1"; BAIDUID="7C4203BB49463F1C3C490EB1172502EE:FG=1"; $Path="/"; $Domain=".baidu.com"". Illegal domain attribute ".baidu.com". Domain of origin: "aip.baidubce.com"
2017-08-12 17:53:51.379 WARN  (main) [   ] o.a.c.h.HttpMethodBase Cookie rejected: "$Version="1"; BAIDUID="072E1064CDF50E6BAA8D43C5C1861D11:FG=1"; $Path="/"; $Domain=".baidu.com"". Illegal domain attribute ".baidu.com". Domain of origin: "aip.baidubce.com"
2017-08-12 17:53:51.461 WARN  (main) [   ] o.a.c.h.HttpMethodBase Cookie rejected: "$Version="1"; BAIDUID="7C4203BB49463F1C79082173D05A411D:FG=1"; $Path="/"; $Domain=".baidu.com"". Illegal domain attribute ".baidu.com". Domain of origin: "aip.baidubce.com"
2017-08-12 17:53:51.462 WARN  (main) [   ] o.a.c.h.HttpMethodBase Cookie rejected: "$Version="1"; BAIDUID="1D491C636DC278834F9DEC6BD3EF1260:FG=1"; $Path="/"; $Domain=".baidu.com"". Illegal domain attribute ".baidu.com". Domain of origin: "aip.baidubce.com"
2017-08-14 09:46:37.269 WARN  (main) [   ] o.a.h.c.p.ResponseProcessCookies Cookie rejected [BAIDUID="52934BAE996AE915978832E20B56AB43:FG=1", version:0, domain:baidu.com, path:/, expiry:Fri Jan 01 07:55:55 CST 2038] Illegal 'domain' attribute "baidu.com". Domain of origin: "aip.baidubce.com"
2017-08-14 09:46:38.763 WARN  (main) [   ] o.a.c.h.HttpMethodBase Cookie rejected: "$Version="1"; BAIDUID="EAB16D45A9739362CF2E3CB38047F83C:FG=1"; $Path="/"; $Domain=".baidu.com"". Illegal domain attribute ".baidu.com". Domain of origin: "aip.baidubce.com"
2017-08-14 09:46:38.772 WARN  (main) [   ] o.a.c.h.HttpMethodBase Cookie rejected: "$Version="1"; BAIDUID="651DC030057FC7A6F1422554E2611A08:FG=1"; $Path="/"; $Domain=".baidu.com"". Illegal domain attribute ".baidu.com". Domain of origin: "aip.baidubce.com"
2017-08-14 09:52:19.062 WARN  (main) [   ] o.a.h.c.p.ResponseProcessCookies Cookie rejected [BAIDUID="8BD448D2744701ECEA2CAF1994AF42A6:FG=1", version:0, domain:baidu.com, path:/, expiry:Fri Jan 01 07:55:55 CST 2038] Illegal 'domain' attribute "baidu.com". Domain of origin: "aip.baidubce.com"
2017-08-14 09:52:19.262 WARN  (main) [   ] o.a.c.h.HttpMethodBase Cookie rejected: "$Version="1"; BAIDUID="EFE7327C261EA3DE0AEA50909C30F779:FG=1"; $Path="/"; $Domain=".baidu.com"". Illegal domain attribute ".baidu.com". Domain of origin: "aip.baidubce.com"
2017-08-14 09:52:19.264 WARN  (main) [   ] o.a.c.h.HttpMethodBase Cookie rejected: "$Version="1"; BAIDUID="9D79C39C88D7ACD3C42E4ADD0E827826:FG=1"; $Path="/"; $Domain=".baidu.com"". Illegal domain attribute ".baidu.com". Domain of origin: "aip.baidubce.com"
2017-08-14 09:52:24.431 WARN  (main) [   ] o.a.h.c.p.ResponseProcessCookies Cookie rejected [BAIDUID="D200677C539DB7DEAC350AD3704DC8F9:FG=1", version:0, domain:baidu.com, path:/, expiry:Fri Jan 01 07:55:55 CST 2038] Illegal 'domain' attribute "baidu.com". Domain of origin: "aip.baidubce.com"
2017-08-14 09:52:24.583 WARN  (main) [   ] o.a.c.h.HttpMethodBase Cookie rejected: "$Version="1"; BAIDUID="1B204B231FCF196577B8000FE2A4EDA8:FG=1"; $Path="/"; $Domain=".baidu.com"". Illegal domain attribute ".baidu.com". Domain of origin: "aip.baidubce.com"
2017-08-14 09:52:24.585 WARN  (main) [   ] o.a.c.h.HttpMethodBase Cookie rejected: "$Version="1"; BAIDUID="E9FFADFEA57EC40B2CD9C2DE61886743:FG=1"; $Path="/"; $Domain=".baidu.com"". Illegal domain attribute ".baidu.com". Domain of origin: "aip.baidubce.com"
2017-08-14 09:52:36.758 WARN  (main) [   ] o.a.h.c.p.ResponseProcessCookies Cookie rejected [BAIDUID="BDFC3FBD35A0B4ADA448E75123EED196:FG=1", version:0, domain:baidu.com, path:/, expiry:Fri Jan 01 07:55:55 CST 2038] Illegal 'domain' attribute "baidu.com". Domain of origin: "aip.baidubce.com"
2017-08-14 09:52:36.901 WARN  (main) [   ] o.a.c.h.HttpMethodBase Cookie rejected: "$Version="1"; BAIDUID="501E439A7DEA42DD05B54981C0116F46:FG=1"; $Path="/"; $Domain=".baidu.com"". Illegal domain attribute ".baidu.com". Domain of origin: "aip.baidubce.com"
2017-08-14 09:52:36.902 WARN  (main) [   ] o.a.c.h.HttpMethodBase Cookie rejected: "$Version="1"; BAIDUID="6413A6AD6D1E23BC55AAB69766BAFB6B:FG=1"; $Path="/"; $Domain=".baidu.com"". Illegal domain attribute ".baidu.com". Domain of origin: "aip.baidubce.com"
2017-08-14 09:52:42.189 WARN  (main) [   ] o.a.h.c.p.ResponseProcessCookies Cookie rejected [BAIDUID="46CE6AA11683DF5E09001E02F6F8CB35:FG=1", version:0, domain:baidu.com, path:/, expiry:Fri Jan 01 07:55:55 CST 2038] Illegal 'domain' attribute "baidu.com". Domain of origin: "aip.baidubce.com"
2017-08-14 09:52:42.322 WARN  (main) [   ] o.a.c.h.HttpMethodBase Cookie rejected: "$Version="1"; BAIDUID="B4EA67B8EB593D5A75DD05584A49970E:FG=1"; $Path="/"; $Domain=".baidu.com"". Illegal domain attribute ".baidu.com". Domain of origin: "aip.baidubce.com"
2017-08-14 09:52:42.324 WARN  (main) [   ] o.a.c.h.HttpMethodBase Cookie rejected: "$Version="1"; BAIDUID="53F8AEB6B772F98E1D92C179CDD96087:FG=1"; $Path="/"; $Domain=".baidu.com"". Illegal domain attribute ".baidu.com". Domain of origin: "aip.baidubce.com"
2017-08-14 09:52:49.280 WARN  (main) [   ] o.a.h.c.p.ResponseProcessCookies Cookie rejected [BAIDUID="E4E8B4542AB04120D2176C3319A4E98C:FG=1", version:0, domain:baidu.com, path:/, expiry:Fri Jan 01 07:55:55 CST 2038] Illegal 'domain' attribute "baidu.com". Domain of origin: "aip.baidubce.com"
2017-08-14 09:52:49.481 WARN  (main) [   ] o.a.c.h.HttpMethodBase Cookie rejected: "$Version="1"; BAIDUID="CBD942B97A3AFE0BC66B7FE3A018E0AB:FG=1"; $Path="/"; $Domain=".baidu.com"". Illegal domain attribute ".baidu.com". Domain of origin: "aip.baidubce.com"
2017-08-14 09:52:49.482 WARN  (main) [   ] o.a.c.h.HttpMethodBase Cookie rejected: "$Version="1"; BAIDUID="707071C4BFCA4A48D1D6EE69CC152BA9:FG=1"; $Path="/"; $Domain=".baidu.com"". Illegal domain attribute ".baidu.com". Domain of origin: "aip.baidubce.com"
2017-08-14 09:52:55.316 WARN  (main) [   ] o.a.h.c.p.ResponseProcessCookies Cookie rejected [BAIDUID="8F91DC29C2F3B872F6FADD9E5A45368E:FG=1", version:0, domain:baidu.com, path:/, expiry:Fri Jan 01 07:55:55 CST 2038] Illegal 'domain' attribute "baidu.com". Domain of origin: "aip.baidubce.com"
2017-08-14 09:52:55.453 WARN  (main) [   ] o.a.c.h.HttpMethodBase Cookie rejected: "$Version="1"; BAIDUID="9AEC503BA88B3E45E27EBC0CC2C20712:FG=1"; $Path="/"; $Domain=".baidu.com"". Illegal domain attribute ".baidu.com". Domain of origin: "aip.baidubce.com"
2017-08-14 09:52:55.455 WARN  (main) [   ] o.a.c.h.HttpMethodBase Cookie rejected: "$Version="1"; BAIDUID="952ED5D4FBF31CD35DA6B86725866C30:FG=1"; $Path="/"; $Domain=".baidu.com"". Illegal domain attribute ".baidu.com". Domain of origin: "aip.baidubce.com"
2017-08-14 10:29:10.414 WARN  (main) [   ] o.a.h.c.p.ResponseProcessCookies Cookie rejected [BAIDUID="BFC8747CD0B72488BF277F8C016BCBB7:FG=1", version:0, domain:baidu.com, path:/, expiry:Fri Jan 01 07:55:55 CST 2038] Illegal 'domain' attribute "baidu.com". Domain of origin: "aip.baidubce.com"
2017-08-14 10:29:10.567 WARN  (main) [   ] o.a.c.h.HttpMethodBase Cookie rejected: "$Version="1"; BAIDUID="CE09EE7D275EF4243E8D31AB5BA5A2B4:FG=1"; $Path="/"; $Domain=".baidu.com"". Illegal domain attribute ".baidu.com". Domain of origin: "aip.baidubce.com"
2017-08-14 10:29:10.568 WARN  (main) [   ] o.a.c.h.HttpMethodBase Cookie rejected: "$Version="1"; BAIDUID="53C5929BA582EC880931B17D9519C2DB:FG=1"; $Path="/"; $Domain=".baidu.com"". Illegal domain attribute ".baidu.com". Domain of origin: "aip.baidubce.com"
2017-08-14 10:29:21.341 WARN  (main) [   ] o.a.h.c.p.ResponseProcessCookies Cookie rejected [BAIDUID="D44E54F5687B79CB90758220F79F87DE:FG=1", version:0, domain:baidu.com, path:/, expiry:Fri Jan 01 07:55:55 CST 2038] Illegal 'domain' attribute "baidu.com". Domain of origin: "aip.baidubce.com"
2017-08-14 10:29:21.476 WARN  (main) [   ] o.a.c.h.HttpMethodBase Cookie rejected: "$Version="1"; BAIDUID="EAB64C775CD542494A4B64BA801300AD:FG=1"; $Path="/"; $Domain=".baidu.com"". Illegal domain attribute ".baidu.com". Domain of origin: "aip.baidubce.com"
2017-08-14 10:29:21.478 WARN  (main) [   ] o.a.c.h.HttpMethodBase Cookie rejected: "$Version="1"; BAIDUID="6CE28B57947A78AFD7681EDCB6D0E70C:FG=1"; $Path="/"; $Domain=".baidu.com"". Illegal domain attribute ".baidu.com". Domain of origin: "aip.baidubce.com"
2017-08-14 10:29:25.608 WARN  (main) [   ] o.a.h.c.p.ResponseProcessCookies Cookie rejected [BAIDUID="00A92712DD09C673BBB95ADB228EAD79:FG=1", version:0, domain:baidu.com, path:/, expiry:Fri Jan 01 07:55:55 CST 2038] Illegal 'domain' attribute "baidu.com". Domain of origin: "aip.baidubce.com"
2017-08-14 10:29:25.747 WARN  (main) [   ] o.a.c.h.HttpMethodBase Cookie rejected: "$Version="1"; BAIDUID="F0467E19F743A2E030D4DF6B54A6C3C7:FG=1"; $Path="/"; $Domain=".baidu.com"". Illegal domain attribute ".baidu.com". Domain of origin: "aip.baidubce.com"
2017-08-14 10:29:25.749 WARN  (main) [   ] o.a.c.h.HttpMethodBase Cookie rejected: "$Version="1"; BAIDUID="F4286D1B72FE028AAC416C1032633486:FG=1"; $Path="/"; $Domain=".baidu.com"". Illegal domain attribute ".baidu.com". Domain of origin: "aip.baidubce.com"
2017-08-14 10:29:27.457 WARN  (main) [   ] o.a.h.c.p.ResponseProcessCookies Cookie rejected [BAIDUID="4EBFAAA77FB3D8ED0BD61AB7AD43CDC1:FG=1", version:0, domain:baidu.com, path:/, expiry:Fri Jan 01 07:55:55 CST 2038] Illegal 'domain' attribute "baidu.com". Domain of origin: "aip.baidubce.com"
2017-08-14 10:29:27.570 WARN  (main) [   ] o.a.c.h.HttpMethodBase Cookie rejected: "$Version="1"; BAIDUID="448F5E742006CB0149EC129030E25AD3:FG=1"; $Path="/"; $Domain=".baidu.com"". Illegal domain attribute ".baidu.com". Domain of origin: "aip.baidubce.com"
2017-08-14 10:29:27.571 WARN  (main) [   ] o.a.c.h.HttpMethodBase Cookie rejected: "$Version="1"; BAIDUID="5D47B869FE8FF55FAA6A4DA249BDA810:FG=1"; $Path="/"; $Domain=".baidu.com"". Illegal domain attribute ".baidu.com". Domain of origin: "aip.baidubce.com"
